[2025-01-15 23:42:26,679] INFO [Controller id=0 epoch=1] Sending UpdateMetadata request to brokers HashSet(0) for 0 partitions (state.change.logger)
[2025-01-15 23:43:18,292] INFO [Controller id=0 epoch=1] Changed partition __transaction_state-42 state from NonExistentPartition to NewPartition with assigned replicas 0 (state.change.logger)
[2025-01-15 23:43:18,292] INFO [Controller id=0 epoch=1] Changed partition __transaction_state-7 state from NonExistentPartition to NewPartition with assigned replicas 0 (state.change.logger)
[2025-01-15 23:43:18,292] INFO [Controller id=0 epoch=1] Changed partition __transaction_state-13 state from NonExistentPartition to NewPartition with assigned replicas 0 (state.change.logger)
[2025-01-15 23:43:18,293] INFO [Controller id=0 epoch=1] Changed partition __transaction_state-0 state from NonExistentPartition to NewPartition with assigned replicas 0 (state.change.logger)
[2025-01-15 23:43:18,293] INFO [Controller id=0 epoch=1] Changed partition __transaction_state-37 state from NonExistentPartition to NewPartition with assigned replicas 0 (state.change.logger)
[2025-01-15 23:43:18,293] INFO [Controller id=0 epoch=1] Changed partition __transaction_state-6 state from NonExistentPartition to NewPartition with assigned replicas 0 (state.change.logger)
[2025-01-15 23:43:18,293] INFO [Controller id=0 epoch=1] Changed partition __transaction_state-32 state from NonExistentPartition to NewPartition with assigned replicas 0 (state.change.logger)
[2025-01-15 23:43:18,293] INFO [Controller id=0 epoch=1] Changed partition __transaction_state-18 state from NonExistentPartition to NewPartition with assigned replicas 0 (state.change.logger)
[2025-01-15 23:43:18,293] INFO [Controller id=0 epoch=1] Changed partition __transaction_state-40 state from NonExistentPartition to NewPartition with assigned replicas 0 (state.change.logger)
[2025-01-15 23:43:18,293] INFO [Controller id=0 epoch=1] Changed partition __transaction_state-31 state from NonExistentPartition to NewPartition with assigned replicas 0 (state.change.logger)
[2025-01-15 23:43:18,293] INFO [Controller id=0 epoch=1] Changed partition __transaction_state-45 state from NonExistentPartition to NewPartition with assigned replicas 0 (state.change.logger)
[2025-01-15 23:43:18,293] INFO [Controller id=0 epoch=1] Changed partition __transaction_state-15 state from NonExistentPartition to NewPartition with assigned replicas 0 (state.change.logger)
[2025-01-15 23:43:18,293] INFO [Controller id=0 epoch=1] Changed partition __transaction_state-12 state from NonExistentPartition to NewPartition with assigned replicas 0 (state.change.logger)
[2025-01-15 23:43:18,293] INFO [Controller id=0 epoch=1] Changed partition __transaction_state-46 state from NonExistentPartition to NewPartition with assigned replicas 0 (state.change.logger)
[2025-01-15 23:43:18,293] INFO [Controller id=0 epoch=1] Changed partition __transaction_state-48 state from NonExistentPartition to NewPartition with assigned replicas 0 (state.change.logger)
[2025-01-15 23:43:18,293] INFO [Controller id=0 epoch=1] Changed partition __transaction_state-49 state from NonExistentPartition to NewPartition with assigned replicas 0 (state.change.logger)
[2025-01-15 23:43:18,293] INFO [Controller id=0 epoch=1] Changed partition __transaction_state-28 state from NonExistentPartition to NewPartition with assigned replicas 0 (state.change.logger)
[2025-01-15 23:43:18,293] INFO [Controller id=0 epoch=1] Changed partition __transaction_state-2 state from NonExistentPartition to NewPartition with assigned replicas 0 (state.change.logger)
[2025-01-15 23:43:18,293] INFO [Controller id=0 epoch=1] Changed partition __transaction_state-20 state from NonExistentPartition to NewPartition with assigned replicas 0 (state.change.logger)
[2025-01-15 23:43:18,293] INFO [Controller id=0 epoch=1] Changed partition __transaction_state-24 state from NonExistentPartition to NewPartition with assigned replicas 0 (state.change.logger)
[2025-01-15 23:43:18,293] INFO [Controller id=0 epoch=1] Changed partition __transaction_state-3 state from NonExistentPartition to NewPartition with assigned replicas 0 (state.change.logger)
[2025-01-15 23:43:18,293] INFO [Controller id=0 epoch=1] Changed partition __transaction_state-21 state from NonExistentPartition to NewPartition with assigned replicas 0 (state.change.logger)
[2025-01-15 23:43:18,293] INFO [Controller id=0 epoch=1] Changed partition __transaction_state-29 state from NonExistentPartition to NewPartition with assigned replicas 0 (state.change.logger)
[2025-01-15 23:43:18,293] INFO [Controller id=0 epoch=1] Changed partition __transaction_state-39 state from NonExistentPartition to NewPartition with assigned replicas 0 (state.change.logger)
[2025-01-15 23:43:18,293] INFO [Controller id=0 epoch=1] Changed partition __transaction_state-38 state from NonExistentPartition to NewPartition with assigned replicas 0 (state.change.logger)
[2025-01-15 23:43:18,293] INFO [Controller id=0 epoch=1] Changed partition __transaction_state-14 state from NonExistentPartition to NewPartition with assigned replicas 0 (state.change.logger)
[2025-01-15 23:43:18,293] INFO [Controller id=0 epoch=1] Changed partition __transaction_state-10 state from NonExistentPartition to NewPartition with assigned replicas 0 (state.change.logger)
[2025-01-15 23:43:18,293] INFO [Controller id=0 epoch=1] Changed partition __transaction_state-44 state from NonExistentPartition to NewPartition with assigned replicas 0 (state.change.logger)
[2025-01-15 23:43:18,293] INFO [Controller id=0 epoch=1] Changed partition __transaction_state-9 state from NonExistentPartition to NewPartition with assigned replicas 0 (state.change.logger)
[2025-01-15 23:43:18,293] INFO [Controller id=0 epoch=1] Changed partition __transaction_state-22 state from NonExistentPartition to NewPartition with assigned replicas 0 (state.change.logger)
[2025-01-15 23:43:18,293] INFO [Controller id=0 epoch=1] Changed partition __transaction_state-43 state from NonExistentPartition to NewPartition with assigned replicas 0 (state.change.logger)
[2025-01-15 23:43:18,293] INFO [Controller id=0 epoch=1] Changed partition __transaction_state-4 state from NonExistentPartition to NewPartition with assigned replicas 0 (state.change.logger)
[2025-01-15 23:43:18,293] INFO [Controller id=0 epoch=1] Changed partition __transaction_state-30 state from NonExistentPartition to NewPartition with assigned replicas 0 (state.change.logger)
[2025-01-15 23:43:18,294] INFO [Controller id=0 epoch=1] Changed partition __transaction_state-33 state from NonExistentPartition to NewPartition with assigned replicas 0 (state.change.logger)
[2025-01-15 23:43:18,294] INFO [Controller id=0 epoch=1] Changed partition __transaction_state-25 state from NonExistentPartition to NewPartition with assigned replicas 0 (state.change.logger)
[2025-01-15 23:43:18,294] INFO [Controller id=0 epoch=1] Changed partition __transaction_state-17 state from NonExistentPartition to NewPartition with assigned replicas 0 (state.change.logger)
[2025-01-15 23:43:18,294] INFO [Controller id=0 epoch=1] Changed partition __transaction_state-23 state from NonExistentPartition to NewPartition with assigned replicas 0 (state.change.logger)
[2025-01-15 23:43:18,294] INFO [Controller id=0 epoch=1] Changed partition __transaction_state-47 state from NonExistentPartition to NewPartition with assigned replicas 0 (state.change.logger)
[2025-01-15 23:43:18,294] INFO [Controller id=0 epoch=1] Changed partition __transaction_state-26 state from NonExistentPartition to NewPartition with assigned replicas 0 (state.change.logger)
[2025-01-15 23:43:18,294] INFO [Controller id=0 epoch=1] Changed partition __transaction_state-36 state from NonExistentPartition to NewPartition with assigned replicas 0 (state.change.logger)
[2025-01-15 23:43:18,294] INFO [Controller id=0 epoch=1] Changed partition __transaction_state-5 state from NonExistentPartition to NewPartition with assigned replicas 0 (state.change.logger)
[2025-01-15 23:43:18,294] INFO [Controller id=0 epoch=1] Changed partition __transaction_state-8 state from NonExistentPartition to NewPartition with assigned replicas 0 (state.change.logger)
[2025-01-15 23:43:18,294] INFO [Controller id=0 epoch=1] Changed partition __transaction_state-16 state from NonExistentPartition to NewPartition with assigned replicas 0 (state.change.logger)
[2025-01-15 23:43:18,294] INFO [Controller id=0 epoch=1] Changed partition __transaction_state-11 state from NonExistentPartition to NewPartition with assigned replicas 0 (state.change.logger)
[2025-01-15 23:43:18,294] INFO [Controller id=0 epoch=1] Changed partition __transaction_state-19 state from NonExistentPartition to NewPartition with assigned replicas 0 (state.change.logger)
[2025-01-15 23:43:18,294] INFO [Controller id=0 epoch=1] Changed partition __transaction_state-27 state from NonExistentPartition to NewPartition with assigned replicas 0 (state.change.logger)
[2025-01-15 23:43:18,294] INFO [Controller id=0 epoch=1] Changed partition __transaction_state-41 state from NonExistentPartition to NewPartition with assigned replicas 0 (state.change.logger)
[2025-01-15 23:43:18,294] INFO [Controller id=0 epoch=1] Changed partition __transaction_state-1 state from NonExistentPartition to NewPartition with assigned replicas 0 (state.change.logger)
[2025-01-15 23:43:18,294] INFO [Controller id=0 epoch=1] Changed partition __transaction_state-34 state from NonExistentPartition to NewPartition with assigned replicas 0 (state.change.logger)
[2025-01-15 23:43:18,294] INFO [Controller id=0 epoch=1] Changed partition __transaction_state-35 state from NonExistentPartition to NewPartition with assigned replicas 0 (state.change.logger)
[2025-01-15 23:43:18,294] INFO [Controller id=0 epoch=1] Sending UpdateMetadata request to brokers HashSet() for 0 partitions (state.change.logger)
[2025-01-15 23:43:18,297] INFO [Controller id=0 epoch=1] Sending UpdateMetadata request to brokers HashSet() for 0 partitions (state.change.logger)
[2025-01-15 23:43:18,368] INFO [Controller id=0 epoch=1] Changed partition __transaction_state-42 from NewPartition to OnlinePartition with state LeaderAndIsr(leader=0, leaderEpoch=0, isrWithBrokerEpoch=List(BrokerState(brokerId=0, brokerEpoch=-1)), leaderRecoveryState=RECOVERED, partitionEpoch=0) (state.change.logger)
[2025-01-15 23:43:18,368] INFO [Controller id=0 epoch=1] Changed partition __transaction_state-7 from NewPartition to OnlinePartition with state LeaderAndIsr(leader=0, leaderEpoch=0, isrWithBrokerEpoch=List(BrokerState(brokerId=0, brokerEpoch=-1)), leaderRecoveryState=RECOVERED, partitionEpoch=0) (state.change.logger)
[2025-01-15 23:43:18,368] INFO [Controller id=0 epoch=1] Changed partition __transaction_state-13 from NewPartition to OnlinePartition with state LeaderAndIsr(leader=0, leaderEpoch=0, isrWithBrokerEpoch=List(BrokerState(brokerId=0, brokerEpoch=-1)), leaderRecoveryState=RECOVERED, partitionEpoch=0) (state.change.logger)
[2025-01-15 23:43:18,368] INFO [Controller id=0 epoch=1] Changed partition __transaction_state-0 from NewPartition to OnlinePartition with state LeaderAndIsr(leader=0, leaderEpoch=0, isrWithBrokerEpoch=List(BrokerState(brokerId=0, brokerEpoch=-1)), leaderRecoveryState=RECOVERED, partitionEpoch=0) (state.change.logger)
[2025-01-15 23:43:18,368] INFO [Controller id=0 epoch=1] Changed partition __transaction_state-37 from NewPartition to OnlinePartition with state LeaderAndIsr(leader=0, leaderEpoch=0, isrWithBrokerEpoch=List(BrokerState(brokerId=0, brokerEpoch=-1)), leaderRecoveryState=RECOVERED, partitionEpoch=0) (state.change.logger)
[2025-01-15 23:43:18,368] INFO [Controller id=0 epoch=1] Changed partition __transaction_state-6 from NewPartition to OnlinePartition with state LeaderAndIsr(leader=0, leaderEpoch=0, isrWithBrokerEpoch=List(BrokerState(brokerId=0, brokerEpoch=-1)), leaderRecoveryState=RECOVERED, partitionEpoch=0) (state.change.logger)
[2025-01-15 23:43:18,368] INFO [Controller id=0 epoch=1] Changed partition __transaction_state-32 from NewPartition to OnlinePartition with state LeaderAndIsr(leader=0, leaderEpoch=0, isrWithBrokerEpoch=List(BrokerState(brokerId=0, brokerEpoch=-1)), leaderRecoveryState=RECOVERED, partitionEpoch=0) (state.change.logger)
[2025-01-15 23:43:18,368] INFO [Controller id=0 epoch=1] Changed partition __transaction_state-18 from NewPartition to OnlinePartition with state LeaderAndIsr(leader=0, leaderEpoch=0, isrWithBrokerEpoch=List(BrokerState(brokerId=0, brokerEpoch=-1)), leaderRecoveryState=RECOVERED, partitionEpoch=0) (state.change.logger)
[2025-01-15 23:43:18,368] INFO [Controller id=0 epoch=1] Changed partition __transaction_state-40 from NewPartition to OnlinePartition with state LeaderAndIsr(leader=0, leaderEpoch=0, isrWithBrokerEpoch=List(BrokerState(brokerId=0, brokerEpoch=-1)), leaderRecoveryState=RECOVERED, partitionEpoch=0) (state.change.logger)
[2025-01-15 23:43:18,368] INFO [Controller id=0 epoch=1] Changed partition __transaction_state-31 from NewPartition to OnlinePartition with state LeaderAndIsr(leader=0, leaderEpoch=0, isrWithBrokerEpoch=List(BrokerState(brokerId=0, brokerEpoch=-1)), leaderRecoveryState=RECOVERED, partitionEpoch=0) (state.change.logger)
[2025-01-15 23:43:18,368] INFO [Controller id=0 epoch=1] Changed partition __transaction_state-45 from NewPartition to OnlinePartition with state LeaderAndIsr(leader=0, leaderEpoch=0, isrWithBrokerEpoch=List(BrokerState(brokerId=0, brokerEpoch=-1)), leaderRecoveryState=RECOVERED, partitionEpoch=0) (state.change.logger)
[2025-01-15 23:43:18,368] INFO [Controller id=0 epoch=1] Changed partition __transaction_state-15 from NewPartition to OnlinePartition with state LeaderAndIsr(leader=0, leaderEpoch=0, isrWithBrokerEpoch=List(BrokerState(brokerId=0, brokerEpoch=-1)), leaderRecoveryState=RECOVERED, partitionEpoch=0) (state.change.logger)
[2025-01-15 23:43:18,368] INFO [Controller id=0 epoch=1] Changed partition __transaction_state-12 from NewPartition to OnlinePartition with state LeaderAndIsr(leader=0, leaderEpoch=0, isrWithBrokerEpoch=List(BrokerState(brokerId=0, brokerEpoch=-1)), leaderRecoveryState=RECOVERED, partitionEpoch=0) (state.change.logger)
[2025-01-15 23:43:18,368] INFO [Controller id=0 epoch=1] Changed partition __transaction_state-46 from NewPartition to OnlinePartition with state LeaderAndIsr(leader=0, leaderEpoch=0, isrWithBrokerEpoch=List(BrokerState(brokerId=0, brokerEpoch=-1)), leaderRecoveryState=RECOVERED, partitionEpoch=0) (state.change.logger)
[2025-01-15 23:43:18,369] INFO [Controller id=0 epoch=1] Changed partition __transaction_state-48 from NewPartition to OnlinePartition with state LeaderAndIsr(leader=0, leaderEpoch=0, isrWithBrokerEpoch=List(BrokerState(brokerId=0, brokerEpoch=-1)), leaderRecoveryState=RECOVERED, partitionEpoch=0) (state.change.logger)
[2025-01-15 23:43:18,369] INFO [Controller id=0 epoch=1] Changed partition __transaction_state-49 from NewPartition to OnlinePartition with state LeaderAndIsr(leader=0, leaderEpoch=0, isrWithBrokerEpoch=List(BrokerState(brokerId=0, brokerEpoch=-1)), leaderRecoveryState=RECOVERED, partitionEpoch=0) (state.change.logger)
[2025-01-15 23:43:18,369] INFO [Controller id=0 epoch=1] Changed partition __transaction_state-28 from NewPartition to OnlinePartition with state LeaderAndIsr(leader=0, leaderEpoch=0, isrWithBrokerEpoch=List(BrokerState(brokerId=0, brokerEpoch=-1)), leaderRecoveryState=RECOVERED, partitionEpoch=0) (state.change.logger)
[2025-01-15 23:43:18,369] INFO [Controller id=0 epoch=1] Changed partition __transaction_state-2 from NewPartition to OnlinePartition with state LeaderAndIsr(leader=0, leaderEpoch=0, isrWithBrokerEpoch=List(BrokerState(brokerId=0, brokerEpoch=-1)), leaderRecoveryState=RECOVERED, partitionEpoch=0) (state.change.logger)
[2025-01-15 23:43:18,369] INFO [Controller id=0 epoch=1] Changed partition __transaction_state-20 from NewPartition to OnlinePartition with state LeaderAndIsr(leader=0, leaderEpoch=0, isrWithBrokerEpoch=List(BrokerState(brokerId=0, brokerEpoch=-1)), leaderRecoveryState=RECOVERED, partitionEpoch=0) (state.change.logger)
[2025-01-15 23:43:18,369] INFO [Controller id=0 epoch=1] Changed partition __transaction_state-24 from NewPartition to OnlinePartition with state LeaderAndIsr(leader=0, leaderEpoch=0, isrWithBrokerEpoch=List(BrokerState(brokerId=0, brokerEpoch=-1)), leaderRecoveryState=RECOVERED, partitionEpoch=0) (state.change.logger)
[2025-01-15 23:43:18,369] INFO [Controller id=0 epoch=1] Changed partition __transaction_state-3 from NewPartition to OnlinePartition with state LeaderAndIsr(leader=0, leaderEpoch=0, isrWithBrokerEpoch=List(BrokerState(brokerId=0, brokerEpoch=-1)), leaderRecoveryState=RECOVERED, partitionEpoch=0) (state.change.logger)
[2025-01-15 23:43:18,369] INFO [Controller id=0 epoch=1] Changed partition __transaction_state-21 from NewPartition to OnlinePartition with state LeaderAndIsr(leader=0, leaderEpoch=0, isrWithBrokerEpoch=List(BrokerState(brokerId=0, brokerEpoch=-1)), leaderRecoveryState=RECOVERED, partitionEpoch=0) (state.change.logger)
[2025-01-15 23:43:18,369] INFO [Controller id=0 epoch=1] Changed partition __transaction_state-29 from NewPartition to OnlinePartition with state LeaderAndIsr(leader=0, leaderEpoch=0, isrWithBrokerEpoch=List(BrokerState(brokerId=0, brokerEpoch=-1)), leaderRecoveryState=RECOVERED, partitionEpoch=0) (state.change.logger)
[2025-01-15 23:43:18,369] INFO [Controller id=0 epoch=1] Changed partition __transaction_state-39 from NewPartition to OnlinePartition with state LeaderAndIsr(leader=0, leaderEpoch=0, isrWithBrokerEpoch=List(BrokerState(brokerId=0, brokerEpoch=-1)), leaderRecoveryState=RECOVERED, partitionEpoch=0) (state.change.logger)
[2025-01-15 23:43:18,369] INFO [Controller id=0 epoch=1] Changed partition __transaction_state-38 from NewPartition to OnlinePartition with state LeaderAndIsr(leader=0, leaderEpoch=0, isrWithBrokerEpoch=List(BrokerState(brokerId=0, brokerEpoch=-1)), leaderRecoveryState=RECOVERED, partitionEpoch=0) (state.change.logger)
[2025-01-15 23:43:18,369] INFO [Controller id=0 epoch=1] Changed partition __transaction_state-14 from NewPartition to OnlinePartition with state LeaderAndIsr(leader=0, leaderEpoch=0, isrWithBrokerEpoch=List(BrokerState(brokerId=0, brokerEpoch=-1)), leaderRecoveryState=RECOVERED, partitionEpoch=0) (state.change.logger)
[2025-01-15 23:43:18,369] INFO [Controller id=0 epoch=1] Changed partition __transaction_state-10 from NewPartition to OnlinePartition with state LeaderAndIsr(leader=0, leaderEpoch=0, isrWithBrokerEpoch=List(BrokerState(brokerId=0, brokerEpoch=-1)), leaderRecoveryState=RECOVERED, partitionEpoch=0) (state.change.logger)
[2025-01-15 23:43:18,369] INFO [Controller id=0 epoch=1] Changed partition __transaction_state-44 from NewPartition to OnlinePartition with state LeaderAndIsr(leader=0, leaderEpoch=0, isrWithBrokerEpoch=List(BrokerState(brokerId=0, brokerEpoch=-1)), leaderRecoveryState=RECOVERED, partitionEpoch=0) (state.change.logger)
[2025-01-15 23:43:18,369] INFO [Controller id=0 epoch=1] Changed partition __transaction_state-9 from NewPartition to OnlinePartition with state LeaderAndIsr(leader=0, leaderEpoch=0, isrWithBrokerEpoch=List(BrokerState(brokerId=0, brokerEpoch=-1)), leaderRecoveryState=RECOVERED, partitionEpoch=0) (state.change.logger)
[2025-01-15 23:43:18,369] INFO [Controller id=0 epoch=1] Changed partition __transaction_state-22 from NewPartition to OnlinePartition with state LeaderAndIsr(leader=0, leaderEpoch=0, isrWithBrokerEpoch=List(BrokerState(brokerId=0, brokerEpoch=-1)), leaderRecoveryState=RECOVERED, partitionEpoch=0) (state.change.logger)
[2025-01-15 23:43:18,369] INFO [Controller id=0 epoch=1] Changed partition __transaction_state-43 from NewPartition to OnlinePartition with state LeaderAndIsr(leader=0, leaderEpoch=0, isrWithBrokerEpoch=List(BrokerState(brokerId=0, brokerEpoch=-1)), leaderRecoveryState=RECOVERED, partitionEpoch=0) (state.change.logger)
[2025-01-15 23:43:18,369] INFO [Controller id=0 epoch=1] Changed partition __transaction_state-4 from NewPartition to OnlinePartition with state LeaderAndIsr(leader=0, leaderEpoch=0, isrWithBrokerEpoch=List(BrokerState(brokerId=0, brokerEpoch=-1)), leaderRecoveryState=RECOVERED, partitionEpoch=0) (state.change.logger)
[2025-01-15 23:43:18,369] INFO [Controller id=0 epoch=1] Changed partition __transaction_state-30 from NewPartition to OnlinePartition with state LeaderAndIsr(leader=0, leaderEpoch=0, isrWithBrokerEpoch=List(BrokerState(brokerId=0, brokerEpoch=-1)), leaderRecoveryState=RECOVERED, partitionEpoch=0) (state.change.logger)
[2025-01-15 23:43:18,369] INFO [Controller id=0 epoch=1] Changed partition __transaction_state-33 from NewPartition to OnlinePartition with state LeaderAndIsr(leader=0, leaderEpoch=0, isrWithBrokerEpoch=List(BrokerState(brokerId=0, brokerEpoch=-1)), leaderRecoveryState=RECOVERED, partitionEpoch=0) (state.change.logger)
[2025-01-15 23:43:18,369] INFO [Controller id=0 epoch=1] Changed partition __transaction_state-25 from NewPartition to OnlinePartition with state LeaderAndIsr(leader=0, leaderEpoch=0, isrWithBrokerEpoch=List(BrokerState(brokerId=0, brokerEpoch=-1)), leaderRecoveryState=RECOVERED, partitionEpoch=0) (state.change.logger)
[2025-01-15 23:43:18,369] INFO [Controller id=0 epoch=1] Changed partition __transaction_state-17 from NewPartition to OnlinePartition with state LeaderAndIsr(leader=0, leaderEpoch=0, isrWithBrokerEpoch=List(BrokerState(brokerId=0, brokerEpoch=-1)), leaderRecoveryState=RECOVERED, partitionEpoch=0) (state.change.logger)
[2025-01-15 23:43:18,370] INFO [Controller id=0 epoch=1] Changed partition __transaction_state-23 from NewPartition to OnlinePartition with state LeaderAndIsr(leader=0, leaderEpoch=0, isrWithBrokerEpoch=List(BrokerState(brokerId=0, brokerEpoch=-1)), leaderRecoveryState=RECOVERED, partitionEpoch=0) (state.change.logger)
[2025-01-15 23:43:18,370] INFO [Controller id=0 epoch=1] Changed partition __transaction_state-47 from NewPartition to OnlinePartition with state LeaderAndIsr(leader=0, leaderEpoch=0, isrWithBrokerEpoch=List(BrokerState(brokerId=0, brokerEpoch=-1)), leaderRecoveryState=RECOVERED, partitionEpoch=0) (state.change.logger)
[2025-01-15 23:43:18,370] INFO [Controller id=0 epoch=1] Changed partition __transaction_state-26 from NewPartition to OnlinePartition with state LeaderAndIsr(leader=0, leaderEpoch=0, isrWithBrokerEpoch=List(BrokerState(brokerId=0, brokerEpoch=-1)), leaderRecoveryState=RECOVERED, partitionEpoch=0) (state.change.logger)
[2025-01-15 23:43:18,370] INFO [Controller id=0 epoch=1] Changed partition __transaction_state-36 from NewPartition to OnlinePartition with state LeaderAndIsr(leader=0, leaderEpoch=0, isrWithBrokerEpoch=List(BrokerState(brokerId=0, brokerEpoch=-1)), leaderRecoveryState=RECOVERED, partitionEpoch=0) (state.change.logger)
[2025-01-15 23:43:18,370] INFO [Controller id=0 epoch=1] Changed partition __transaction_state-5 from NewPartition to OnlinePartition with state LeaderAndIsr(leader=0, leaderEpoch=0, isrWithBrokerEpoch=List(BrokerState(brokerId=0, brokerEpoch=-1)), leaderRecoveryState=RECOVERED, partitionEpoch=0) (state.change.logger)
[2025-01-15 23:43:18,370] INFO [Controller id=0 epoch=1] Changed partition __transaction_state-8 from NewPartition to OnlinePartition with state LeaderAndIsr(leader=0, leaderEpoch=0, isrWithBrokerEpoch=List(BrokerState(brokerId=0, brokerEpoch=-1)), leaderRecoveryState=RECOVERED, partitionEpoch=0) (state.change.logger)
[2025-01-15 23:43:18,370] INFO [Controller id=0 epoch=1] Changed partition __transaction_state-16 from NewPartition to OnlinePartition with state LeaderAndIsr(leader=0, leaderEpoch=0, isrWithBrokerEpoch=List(BrokerState(brokerId=0, brokerEpoch=-1)), leaderRecoveryState=RECOVERED, partitionEpoch=0) (state.change.logger)
[2025-01-15 23:43:18,370] INFO [Controller id=0 epoch=1] Changed partition __transaction_state-11 from NewPartition to OnlinePartition with state LeaderAndIsr(leader=0, leaderEpoch=0, isrWithBrokerEpoch=List(BrokerState(brokerId=0, brokerEpoch=-1)), leaderRecoveryState=RECOVERED, partitionEpoch=0) (state.change.logger)
[2025-01-15 23:43:18,370] INFO [Controller id=0 epoch=1] Changed partition __transaction_state-19 from NewPartition to OnlinePartition with state LeaderAndIsr(leader=0, leaderEpoch=0, isrWithBrokerEpoch=List(BrokerState(brokerId=0, brokerEpoch=-1)), leaderRecoveryState=RECOVERED, partitionEpoch=0) (state.change.logger)
[2025-01-15 23:43:18,370] INFO [Controller id=0 epoch=1] Changed partition __transaction_state-27 from NewPartition to OnlinePartition with state LeaderAndIsr(leader=0, leaderEpoch=0, isrWithBrokerEpoch=List(BrokerState(brokerId=0, brokerEpoch=-1)), leaderRecoveryState=RECOVERED, partitionEpoch=0) (state.change.logger)
[2025-01-15 23:43:18,370] INFO [Controller id=0 epoch=1] Changed partition __transaction_state-41 from NewPartition to OnlinePartition with state LeaderAndIsr(leader=0, leaderEpoch=0, isrWithBrokerEpoch=List(BrokerState(brokerId=0, brokerEpoch=-1)), leaderRecoveryState=RECOVERED, partitionEpoch=0) (state.change.logger)
[2025-01-15 23:43:18,370] INFO [Controller id=0 epoch=1] Changed partition __transaction_state-1 from NewPartition to OnlinePartition with state LeaderAndIsr(leader=0, leaderEpoch=0, isrWithBrokerEpoch=List(BrokerState(brokerId=0, brokerEpoch=-1)), leaderRecoveryState=RECOVERED, partitionEpoch=0) (state.change.logger)
[2025-01-15 23:43:18,370] INFO [Controller id=0 epoch=1] Changed partition __transaction_state-34 from NewPartition to OnlinePartition with state LeaderAndIsr(leader=0, leaderEpoch=0, isrWithBrokerEpoch=List(BrokerState(brokerId=0, brokerEpoch=-1)), leaderRecoveryState=RECOVERED, partitionEpoch=0) (state.change.logger)
[2025-01-15 23:43:18,370] INFO [Controller id=0 epoch=1] Changed partition __transaction_state-35 from NewPartition to OnlinePartition with state LeaderAndIsr(leader=0, leaderEpoch=0, isrWithBrokerEpoch=List(BrokerState(brokerId=0, brokerEpoch=-1)), leaderRecoveryState=RECOVERED, partitionEpoch=0) (state.change.logger)
[2025-01-15 23:43:18,373] INFO [Controller id=0 epoch=1] Sending LeaderAndIsr request to broker 0 with 50 become-leader and 0 become-follower partitions (state.change.logger)
[2025-01-15 23:43:18,376] INFO [Controller id=0 epoch=1] Sending UpdateMetadata request to brokers HashSet(0) for 50 partitions (state.change.logger)
[2025-01-15 23:43:18,378] INFO [Controller id=0 epoch=1] Sending UpdateMetadata request to brokers HashSet() for 0 partitions (state.change.logger)
[2025-01-15 23:43:18,382] INFO [Broker id=0] Handling LeaderAndIsr request correlationId 1 from controller 0 for 50 partitions (state.change.logger)
[2025-01-15 23:43:18,409] INFO [Broker id=0] Stopped fetchers as part of LeaderAndIsr request correlationId 1 from controller 0 epoch 1 as part of the become-leader transition for 50 partitions (state.change.logger)
[2025-01-15 23:43:18,484] INFO [Broker id=0] Leader __transaction_state-3 with topic id Some(NNX7jGp-T9ergRPItyOBjQ) starts at leader epoch 0 from offset 0 with partition epoch 0, high watermark 0, ISR [0], adding replicas [] and removing replicas [] . Previous leader None and previous leader epoch was -1. (state.change.logger)
[2025-01-15 23:43:18,498] INFO [Broker id=0] Leader __transaction_state-18 with topic id Some(NNX7jGp-T9ergRPItyOBjQ) starts at leader epoch 0 from offset 0 with partition epoch 0, high watermark 0, ISR [0], adding replicas [] and removing replicas [] . Previous leader None and previous leader epoch was -1. (state.change.logger)
[2025-01-15 23:43:18,505] INFO [Broker id=0] Leader __transaction_state-33 with topic id Some(NNX7jGp-T9ergRPItyOBjQ) starts at leader epoch 0 from offset 0 with partition epoch 0, high watermark 0, ISR [0], adding replicas [] and removing replicas [] . Previous leader None and previous leader epoch was -1. (state.change.logger)
[2025-01-15 23:43:18,513] INFO [Broker id=0] Leader __transaction_state-11 with topic id Some(NNX7jGp-T9ergRPItyOBjQ) starts at leader epoch 0 from offset 0 with partition epoch 0, high watermark 0, ISR [0], adding replicas [] and removing replicas [] . Previous leader None and previous leader epoch was -1. (state.change.logger)
[2025-01-15 23:43:18,524] INFO [Broker id=0] Leader __transaction_state-26 with topic id Some(NNX7jGp-T9ergRPItyOBjQ) starts at leader epoch 0 from offset 0 with partition epoch 0, high watermark 0, ISR [0], adding replicas [] and removing replicas [] . Previous leader None and previous leader epoch was -1. (state.change.logger)
[2025-01-15 23:43:18,531] INFO [Broker id=0] Leader __transaction_state-41 with topic id Some(NNX7jGp-T9ergRPItyOBjQ) starts at leader epoch 0 from offset 0 with partition epoch 0, high watermark 0, ISR [0], adding replicas [] and removing replicas [] . Previous leader None and previous leader epoch was -1. (state.change.logger)
[2025-01-15 23:43:18,539] INFO [Broker id=0] Leader __transaction_state-4 with topic id Some(NNX7jGp-T9ergRPItyOBjQ) starts at leader epoch 0 from offset 0 with partition epoch 0, high watermark 0, ISR [0], adding replicas [] and removing replicas [] . Previous leader None and previous leader epoch was -1. (state.change.logger)
[2025-01-15 23:43:18,547] INFO [Broker id=0] Leader __transaction_state-19 with topic id Some(NNX7jGp-T9ergRPItyOBjQ) starts at leader epoch 0 from offset 0 with partition epoch 0, high watermark 0, ISR [0], adding replicas [] and removing replicas [] . Previous leader None and previous leader epoch was -1. (state.change.logger)
[2025-01-15 23:43:18,553] INFO [Broker id=0] Leader __transaction_state-34 with topic id Some(NNX7jGp-T9ergRPItyOBjQ) starts at leader epoch 0 from offset 0 with partition epoch 0, high watermark 0, ISR [0], adding replicas [] and removing replicas [] . Previous leader None and previous leader epoch was -1. (state.change.logger)
[2025-01-15 23:43:18,559] INFO [Broker id=0] Leader __transaction_state-49 with topic id Some(NNX7jGp-T9ergRPItyOBjQ) starts at leader epoch 0 from offset 0 with partition epoch 0, high watermark 0, ISR [0], adding replicas [] and removing replicas [] . Previous leader None and previous leader epoch was -1. (state.change.logger)
[2025-01-15 23:43:18,565] INFO [Broker id=0] Leader __transaction_state-12 with topic id Some(NNX7jGp-T9ergRPItyOBjQ) starts at leader epoch 0 from offset 0 with partition epoch 0, high watermark 0, ISR [0], adding replicas [] and removing replicas [] . Previous leader None and previous leader epoch was -1. (state.change.logger)
[2025-01-15 23:43:18,572] INFO [Broker id=0] Leader __transaction_state-27 with topic id Some(NNX7jGp-T9ergRPItyOBjQ) starts at leader epoch 0 from offset 0 with partition epoch 0, high watermark 0, ISR [0], adding replicas [] and removing replicas [] . Previous leader None and previous leader epoch was -1. (state.change.logger)
[2025-01-15 23:43:18,579] INFO [Broker id=0] Leader __transaction_state-42 with topic id Some(NNX7jGp-T9ergRPItyOBjQ) starts at leader epoch 0 from offset 0 with partition epoch 0, high watermark 0, ISR [0], adding replicas [] and removing replicas [] . Previous leader None and previous leader epoch was -1. (state.change.logger)
[2025-01-15 23:43:18,597] INFO [Broker id=0] Leader __transaction_state-24 with topic id Some(NNX7jGp-T9ergRPItyOBjQ) starts at leader epoch 0 from offset 0 with partition epoch 0, high watermark 0, ISR [0], adding replicas [] and removing replicas [] . Previous leader None and previous leader epoch was -1. (state.change.logger)
[2025-01-15 23:43:18,608] INFO [Broker id=0] Leader __transaction_state-39 with topic id Some(NNX7jGp-T9ergRPItyOBjQ) starts at leader epoch 0 from offset 0 with partition epoch 0, high watermark 0, ISR [0], adding replicas [] and removing replicas [] . Previous leader None and previous leader epoch was -1. (state.change.logger)
[2025-01-15 23:43:18,626] INFO [Broker id=0] Leader __transaction_state-1 with topic id Some(NNX7jGp-T9ergRPItyOBjQ) starts at leader epoch 0 from offset 0 with partition epoch 0, high watermark 0, ISR [0], adding replicas [] and removing replicas [] . Previous leader None and previous leader epoch was -1. (state.change.logger)
[2025-01-15 23:43:18,639] INFO [Broker id=0] Leader __transaction_state-32 with topic id Some(NNX7jGp-T9ergRPItyOBjQ) starts at leader epoch 0 from offset 0 with partition epoch 0, high watermark 0, ISR [0], adding replicas [] and removing replicas [] . Previous leader None and previous leader epoch was -1. (state.change.logger)
[2025-01-15 23:43:18,646] INFO [Broker id=0] Leader __transaction_state-47 with topic id Some(NNX7jGp-T9ergRPItyOBjQ) starts at leader epoch 0 from offset 0 with partition epoch 0, high watermark 0, ISR [0], adding replicas [] and removing replicas [] . Previous leader None and previous leader epoch was -1. (state.change.logger)
[2025-01-15 23:43:18,665] INFO [Broker id=0] Leader __transaction_state-9 with topic id Some(NNX7jGp-T9ergRPItyOBjQ) starts at leader epoch 0 from offset 0 with partition epoch 0, high watermark 0, ISR [0], adding replicas [] and removing replicas [] . Previous leader None and previous leader epoch was -1. (state.change.logger)
[2025-01-15 23:43:18,671] INFO [Broker id=0] Leader __transaction_state-40 with topic id Some(NNX7jGp-T9ergRPItyOBjQ) starts at leader epoch 0 from offset 0 with partition epoch 0, high watermark 0, ISR [0], adding replicas [] and removing replicas [] . Previous leader None and previous leader epoch was -1. (state.change.logger)
[2025-01-15 23:43:18,677] INFO [Broker id=0] Leader __transaction_state-2 with topic id Some(NNX7jGp-T9ergRPItyOBjQ) starts at leader epoch 0 from offset 0 with partition epoch 0, high watermark 0, ISR [0], adding replicas [] and removing replicas [] . Previous leader None and previous leader epoch was -1. (state.change.logger)
[2025-01-15 23:43:18,682] INFO [Broker id=0] Leader __transaction_state-17 with topic id Some(NNX7jGp-T9ergRPItyOBjQ) starts at leader epoch 0 from offset 0 with partition epoch 0, high watermark 0, ISR [0], adding replicas [] and removing replicas [] . Previous leader None and previous leader epoch was -1. (state.change.logger)
[2025-01-15 23:43:18,688] INFO [Broker id=0] Leader __transaction_state-48 with topic id Some(NNX7jGp-T9ergRPItyOBjQ) starts at leader epoch 0 from offset 0 with partition epoch 0, high watermark 0, ISR [0], adding replicas [] and removing replicas [] . Previous leader None and previous leader epoch was -1. (state.change.logger)
[2025-01-15 23:43:18,694] INFO [Broker id=0] Leader __transaction_state-10 with topic id Some(NNX7jGp-T9ergRPItyOBjQ) starts at leader epoch 0 from offset 0 with partition epoch 0, high watermark 0, ISR [0], adding replicas [] and removing replicas [] . Previous leader None and previous leader epoch was -1. (state.change.logger)
[2025-01-15 23:43:18,700] INFO [Broker id=0] Leader __transaction_state-25 with topic id Some(NNX7jGp-T9ergRPItyOBjQ) starts at leader epoch 0 from offset 0 with partition epoch 0, high watermark 0, ISR [0], adding replicas [] and removing replicas [] . Previous leader None and previous leader epoch was -1. (state.change.logger)
[2025-01-15 23:43:18,707] INFO [Broker id=0] Leader __transaction_state-7 with topic id Some(NNX7jGp-T9ergRPItyOBjQ) starts at leader epoch 0 from offset 0 with partition epoch 0, high watermark 0, ISR [0], adding replicas [] and removing replicas [] . Previous leader None and previous leader epoch was -1. (state.change.logger)
[2025-01-15 23:43:18,713] INFO [Broker id=0] Leader __transaction_state-22 with topic id Some(NNX7jGp-T9ergRPItyOBjQ) starts at leader epoch 0 from offset 0 with partition epoch 0, high watermark 0, ISR [0], adding replicas [] and removing replicas [] . Previous leader None and previous leader epoch was -1. (state.change.logger)
[2025-01-15 23:43:18,723] INFO [Broker id=0] Leader __transaction_state-37 with topic id Some(NNX7jGp-T9ergRPItyOBjQ) starts at leader epoch 0 from offset 0 with partition epoch 0, high watermark 0, ISR [0], adding replicas [] and removing replicas [] . Previous leader None and previous leader epoch was -1. (state.change.logger)
[2025-01-15 23:43:18,729] INFO [Broker id=0] Leader __transaction_state-0 with topic id Some(NNX7jGp-T9ergRPItyOBjQ) starts at leader epoch 0 from offset 0 with partition epoch 0, high watermark 0, ISR [0], adding replicas [] and removing replicas [] . Previous leader None and previous leader epoch was -1. (state.change.logger)
[2025-01-15 23:43:18,735] INFO [Broker id=0] Leader __transaction_state-15 with topic id Some(NNX7jGp-T9ergRPItyOBjQ) starts at leader epoch 0 from offset 0 with partition epoch 0, high watermark 0, ISR [0], adding replicas [] and removing replicas [] . Previous leader None and previous leader epoch was -1. (state.change.logger)
[2025-01-15 23:43:18,742] INFO [Broker id=0] Leader __transaction_state-30 with topic id Some(NNX7jGp-T9ergRPItyOBjQ) starts at leader epoch 0 from offset 0 with partition epoch 0, high watermark 0, ISR [0], adding replicas [] and removing replicas [] . Previous leader None and previous leader epoch was -1. (state.change.logger)
[2025-01-15 23:43:18,750] INFO [Broker id=0] Leader __transaction_state-45 with topic id Some(NNX7jGp-T9ergRPItyOBjQ) starts at leader epoch 0 from offset 0 with partition epoch 0, high watermark 0, ISR [0], adding replicas [] and removing replicas [] . Previous leader None and previous leader epoch was -1. (state.change.logger)
[2025-01-15 23:43:18,755] INFO [Broker id=0] Leader __transaction_state-8 with topic id Some(NNX7jGp-T9ergRPItyOBjQ) starts at leader epoch 0 from offset 0 with partition epoch 0, high watermark 0, ISR [0], adding replicas [] and removing replicas [] . Previous leader None and previous leader epoch was -1. (state.change.logger)
[2025-01-15 23:43:18,762] INFO [Broker id=0] Leader __transaction_state-23 with topic id Some(NNX7jGp-T9ergRPItyOBjQ) starts at leader epoch 0 from offset 0 with partition epoch 0, high watermark 0, ISR [0], adding replicas [] and removing replicas [] . Previous leader None and previous leader epoch was -1. (state.change.logger)
[2025-01-15 23:43:18,768] INFO [Broker id=0] Leader __transaction_state-38 with topic id Some(NNX7jGp-T9ergRPItyOBjQ) starts at leader epoch 0 from offset 0 with partition epoch 0, high watermark 0, ISR [0], adding replicas [] and removing replicas [] . Previous leader None and previous leader epoch was -1. (state.change.logger)
[2025-01-15 23:43:18,785] INFO [Broker id=0] Leader __transaction_state-16 with topic id Some(NNX7jGp-T9ergRPItyOBjQ) starts at leader epoch 0 from offset 0 with partition epoch 0, high watermark 0, ISR [0], adding replicas [] and removing replicas [] . Previous leader None and previous leader epoch was -1. (state.change.logger)
[2025-01-15 23:43:18,799] INFO [Broker id=0] Leader __transaction_state-31 with topic id Some(NNX7jGp-T9ergRPItyOBjQ) starts at leader epoch 0 from offset 0 with partition epoch 0, high watermark 0, ISR [0], adding replicas [] and removing replicas [] . Previous leader None and previous leader epoch was -1. (state.change.logger)
[2025-01-15 23:43:18,806] INFO [Broker id=0] Leader __transaction_state-46 with topic id Some(NNX7jGp-T9ergRPItyOBjQ) starts at leader epoch 0 from offset 0 with partition epoch 0, high watermark 0, ISR [0], adding replicas [] and removing replicas [] . Previous leader None and previous leader epoch was -1. (state.change.logger)
[2025-01-15 23:43:18,820] INFO [Broker id=0] Leader __transaction_state-5 with topic id Some(NNX7jGp-T9ergRPItyOBjQ) starts at leader epoch 0 from offset 0 with partition epoch 0, high watermark 0, ISR [0], adding replicas [] and removing replicas [] . Previous leader None and previous leader epoch was -1. (state.change.logger)
[2025-01-15 23:43:18,829] INFO [Broker id=0] Leader __transaction_state-20 with topic id Some(NNX7jGp-T9ergRPItyOBjQ) starts at leader epoch 0 from offset 0 with partition epoch 0, high watermark 0, ISR [0], adding replicas [] and removing replicas [] . Previous leader None and previous leader epoch was -1. (state.change.logger)
[2025-01-15 23:43:18,836] INFO [Broker id=0] Leader __transaction_state-35 with topic id Some(NNX7jGp-T9ergRPItyOBjQ) starts at leader epoch 0 from offset 0 with partition epoch 0, high watermark 0, ISR [0], adding replicas [] and removing replicas [] . Previous leader None and previous leader epoch was -1. (state.change.logger)
[2025-01-15 23:43:18,844] INFO [Broker id=0] Leader __transaction_state-13 with topic id Some(NNX7jGp-T9ergRPItyOBjQ) starts at leader epoch 0 from offset 0 with partition epoch 0, high watermark 0, ISR [0], adding replicas [] and removing replicas [] . Previous leader None and previous leader epoch was -1. (state.change.logger)
[2025-01-15 23:43:18,852] INFO [Broker id=0] Leader __transaction_state-28 with topic id Some(NNX7jGp-T9ergRPItyOBjQ) starts at leader epoch 0 from offset 0 with partition epoch 0, high watermark 0, ISR [0], adding replicas [] and removing replicas [] . Previous leader None and previous leader epoch was -1. (state.change.logger)
[2025-01-15 23:43:18,859] INFO [Broker id=0] Leader __transaction_state-43 with topic id Some(NNX7jGp-T9ergRPItyOBjQ) starts at leader epoch 0 from offset 0 with partition epoch 0, high watermark 0, ISR [0], adding replicas [] and removing replicas [] . Previous leader None and previous leader epoch was -1. (state.change.logger)
[2025-01-15 23:43:18,866] INFO [Broker id=0] Leader __transaction_state-6 with topic id Some(NNX7jGp-T9ergRPItyOBjQ) starts at leader epoch 0 from offset 0 with partition epoch 0, high watermark 0, ISR [0], adding replicas [] and removing replicas [] . Previous leader None and previous leader epoch was -1. (state.change.logger)
[2025-01-15 23:43:18,873] INFO [Broker id=0] Leader __transaction_state-21 with topic id Some(NNX7jGp-T9ergRPItyOBjQ) starts at leader epoch 0 from offset 0 with partition epoch 0, high watermark 0, ISR [0], adding replicas [] and removing replicas [] . Previous leader None and previous leader epoch was -1. (state.change.logger)
[2025-01-15 23:43:18,878] INFO [Broker id=0] Leader __transaction_state-36 with topic id Some(NNX7jGp-T9ergRPItyOBjQ) starts at leader epoch 0 from offset 0 with partition epoch 0, high watermark 0, ISR [0], adding replicas [] and removing replicas [] . Previous leader None and previous leader epoch was -1. (state.change.logger)
[2025-01-15 23:43:18,883] INFO [Broker id=0] Leader __transaction_state-14 with topic id Some(NNX7jGp-T9ergRPItyOBjQ) starts at leader epoch 0 from offset 0 with partition epoch 0, high watermark 0, ISR [0], adding replicas [] and removing replicas [] . Previous leader None and previous leader epoch was -1. (state.change.logger)
[2025-01-15 23:43:18,889] INFO [Broker id=0] Leader __transaction_state-29 with topic id Some(NNX7jGp-T9ergRPItyOBjQ) starts at leader epoch 0 from offset 0 with partition epoch 0, high watermark 0, ISR [0], adding replicas [] and removing replicas [] . Previous leader None and previous leader epoch was -1. (state.change.logger)
[2025-01-15 23:43:18,894] INFO [Broker id=0] Leader __transaction_state-44 with topic id Some(NNX7jGp-T9ergRPItyOBjQ) starts at leader epoch 0 from offset 0 with partition epoch 0, high watermark 0, ISR [0], adding replicas [] and removing replicas [] . Previous leader None and previous leader epoch was -1. (state.change.logger)
[2025-01-15 23:43:18,911] INFO [Broker id=0] Finished LeaderAndIsr request in 530ms correlationId 1 from controller 0 for 50 partitions (state.change.logger)
[2025-01-15 23:43:18,923] INFO [Broker id=0] Add 50 partitions and deleted 0 partitions from metadata cache in response to UpdateMetadata request sent by controller 0 epoch 1 with correlation id 2 (state.change.logger)
[2025-01-15 23:43:19,256] INFO [Controller id=0 epoch=1] Changed partition topic3-0 state from NonExistentPartition to NewPartition with assigned replicas 0 (state.change.logger)
[2025-01-15 23:43:19,256] INFO [Controller id=0 epoch=1] Sending UpdateMetadata request to brokers HashSet() for 0 partitions (state.change.logger)
[2025-01-15 23:43:19,256] INFO [Controller id=0 epoch=1] Sending UpdateMetadata request to brokers HashSet() for 0 partitions (state.change.logger)
[2025-01-15 23:43:19,263] INFO [Controller id=0 epoch=1] Changed partition topic3-0 from NewPartition to OnlinePartition with state LeaderAndIsr(leader=0, leaderEpoch=0, isrWithBrokerEpoch=List(BrokerState(brokerId=0, brokerEpoch=-1)), leaderRecoveryState=RECOVERED, partitionEpoch=0) (state.change.logger)
[2025-01-15 23:43:19,263] INFO [Controller id=0 epoch=1] Sending LeaderAndIsr request to broker 0 with 1 become-leader and 0 become-follower partitions (state.change.logger)
[2025-01-15 23:43:19,263] INFO [Controller id=0 epoch=1] Sending UpdateMetadata request to brokers HashSet(0) for 1 partitions (state.change.logger)
[2025-01-15 23:43:19,263] INFO [Controller id=0 epoch=1] Sending UpdateMetadata request to brokers HashSet() for 0 partitions (state.change.logger)
[2025-01-15 23:43:19,264] INFO [Broker id=0] Handling LeaderAndIsr request correlationId 3 from controller 0 for 1 partitions (state.change.logger)
[2025-01-15 23:43:19,264] INFO [Broker id=0] Stopped fetchers as part of LeaderAndIsr request correlationId 3 from controller 0 epoch 1 as part of the become-leader transition for 1 partitions (state.change.logger)
[2025-01-15 23:43:19,269] INFO [Broker id=0] Leader topic3-0 with topic id Some(lvB25kGYREGq1wAK6cHNmg) starts at leader epoch 0 from offset 0 with partition epoch 0, high watermark 0, ISR [0], adding replicas [] and removing replicas [] . Previous leader None and previous leader epoch was -1. (state.change.logger)
[2025-01-15 23:43:19,271] INFO [Broker id=0] Finished LeaderAndIsr request in 7ms correlationId 3 from controller 0 for 1 partitions (state.change.logger)
[2025-01-15 23:43:19,272] INFO [Broker id=0] Add 1 partitions and deleted 0 partitions from metadata cache in response to UpdateMetadata request sent by controller 0 epoch 1 with correlation id 4 (state.change.logger)
[2025-01-15 23:47:41,733] INFO [Controller id=0 epoch=1] Changed partition __consumer_offsets-22 state from NonExistentPartition to NewPartition with assigned replicas 0 (state.change.logger)
[2025-01-15 23:47:41,733] INFO [Controller id=0 epoch=1] Changed partition __consumer_offsets-30 state from NonExistentPartition to NewPartition with assigned replicas 0 (state.change.logger)
[2025-01-15 23:47:41,733] INFO [Controller id=0 epoch=1] Changed partition __consumer_offsets-25 state from NonExistentPartition to NewPartition with assigned replicas 0 (state.change.logger)
[2025-01-15 23:47:41,733] INFO [Controller id=0 epoch=1] Changed partition __consumer_offsets-35 state from NonExistentPartition to NewPartition with assigned replicas 0 (state.change.logger)
[2025-01-15 23:47:41,733] INFO [Controller id=0 epoch=1] Changed partition __consumer_offsets-37 state from NonExistentPartition to NewPartition with assigned replicas 0 (state.change.logger)
[2025-01-15 23:47:41,733] INFO [Controller id=0 epoch=1] Changed partition __consumer_offsets-38 state from NonExistentPartition to NewPartition with assigned replicas 0 (state.change.logger)
[2025-01-15 23:47:41,733] INFO [Controller id=0 epoch=1] Changed partition __consumer_offsets-13 state from NonExistentPartition to NewPartition with assigned replicas 0 (state.change.logger)
[2025-01-15 23:47:41,733] INFO [Controller id=0 epoch=1] Changed partition __consumer_offsets-8 state from NonExistentPartition to NewPartition with assigned replicas 0 (state.change.logger)
[2025-01-15 23:47:41,733] INFO [Controller id=0 epoch=1] Changed partition __consumer_offsets-21 state from NonExistentPartition to NewPartition with assigned replicas 0 (state.change.logger)
[2025-01-15 23:47:41,733] INFO [Controller id=0 epoch=1] Changed partition __consumer_offsets-4 state from NonExistentPartition to NewPartition with assigned replicas 0 (state.change.logger)
[2025-01-15 23:47:41,733] INFO [Controller id=0 epoch=1] Changed partition __consumer_offsets-27 state from NonExistentPartition to NewPartition with assigned replicas 0 (state.change.logger)
[2025-01-15 23:47:41,733] INFO [Controller id=0 epoch=1] Changed partition __consumer_offsets-7 state from NonExistentPartition to NewPartition with assigned replicas 0 (state.change.logger)
[2025-01-15 23:47:41,733] INFO [Controller id=0 epoch=1] Changed partition __consumer_offsets-9 state from NonExistentPartition to NewPartition with assigned replicas 0 (state.change.logger)
[2025-01-15 23:47:41,733] INFO [Controller id=0 epoch=1] Changed partition __consumer_offsets-46 state from NonExistentPartition to NewPartition with assigned replicas 0 (state.change.logger)
[2025-01-15 23:47:41,733] INFO [Controller id=0 epoch=1] Changed partition __consumer_offsets-41 state from NonExistentPartition to NewPartition with assigned replicas 0 (state.change.logger)
[2025-01-15 23:47:41,733] INFO [Controller id=0 epoch=1] Changed partition __consumer_offsets-33 state from NonExistentPartition to NewPartition with assigned replicas 0 (state.change.logger)
[2025-01-15 23:47:41,733] INFO [Controller id=0 epoch=1] Changed partition __consumer_offsets-23 state from NonExistentPartition to NewPartition with assigned replicas 0 (state.change.logger)
[2025-01-15 23:47:41,733] INFO [Controller id=0 epoch=1] Changed partition __consumer_offsets-49 state from NonExistentPartition to NewPartition with assigned replicas 0 (state.change.logger)
[2025-01-15 23:47:41,733] INFO [Controller id=0 epoch=1] Changed partition __consumer_offsets-47 state from NonExistentPartition to NewPartition with assigned replicas 0 (state.change.logger)
[2025-01-15 23:47:41,733] INFO [Controller id=0 epoch=1] Changed partition __consumer_offsets-16 state from NonExistentPartition to NewPartition with assigned replicas 0 (state.change.logger)
[2025-01-15 23:47:41,733] INFO [Controller id=0 epoch=1] Changed partition __consumer_offsets-28 state from NonExistentPartition to NewPartition with assigned replicas 0 (state.change.logger)
[2025-01-15 23:47:41,733] INFO [Controller id=0 epoch=1] Changed partition __consumer_offsets-31 state from NonExistentPartition to NewPartition with assigned replicas 0 (state.change.logger)
[2025-01-15 23:47:41,733] INFO [Controller id=0 epoch=1] Changed partition __consumer_offsets-36 state from NonExistentPartition to NewPartition with assigned replicas 0 (state.change.logger)
[2025-01-15 23:47:41,733] INFO [Controller id=0 epoch=1] Changed partition __consumer_offsets-42 state from NonExistentPartition to NewPartition with assigned replicas 0 (state.change.logger)
[2025-01-15 23:47:41,733] INFO [Controller id=0 epoch=1] Changed partition __consumer_offsets-3 state from NonExistentPartition to NewPartition with assigned replicas 0 (state.change.logger)
[2025-01-15 23:47:41,733] INFO [Controller id=0 epoch=1] Changed partition __consumer_offsets-18 state from NonExistentPartition to NewPartition with assigned replicas 0 (state.change.logger)
[2025-01-15 23:47:41,733] INFO [Controller id=0 epoch=1] Changed partition __consumer_offsets-15 state from NonExistentPartition to NewPartition with assigned replicas 0 (state.change.logger)
[2025-01-15 23:47:41,733] INFO [Controller id=0 epoch=1] Changed partition __consumer_offsets-24 state from NonExistentPartition to NewPartition with assigned replicas 0 (state.change.logger)
[2025-01-15 23:47:41,733] INFO [Controller id=0 epoch=1] Changed partition __consumer_offsets-17 state from NonExistentPartition to NewPartition with assigned replicas 0 (state.change.logger)
[2025-01-15 23:47:41,733] INFO [Controller id=0 epoch=1] Changed partition __consumer_offsets-48 state from NonExistentPartition to NewPartition with assigned replicas 0 (state.change.logger)
[2025-01-15 23:47:41,733] INFO [Controller id=0 epoch=1] Changed partition __consumer_offsets-19 state from NonExistentPartition to NewPartition with assigned replicas 0 (state.change.logger)
[2025-01-15 23:47:41,733] INFO [Controller id=0 epoch=1] Changed partition __consumer_offsets-11 state from NonExistentPartition to NewPartition with assigned replicas 0 (state.change.logger)
[2025-01-15 23:47:41,733] INFO [Controller id=0 epoch=1] Changed partition __consumer_offsets-2 state from NonExistentPartition to NewPartition with assigned replicas 0 (state.change.logger)
[2025-01-15 23:47:41,733] INFO [Controller id=0 epoch=1] Changed partition __consumer_offsets-43 state from NonExistentPartition to NewPartition with assigned replicas 0 (state.change.logger)
[2025-01-15 23:47:41,733] INFO [Controller id=0 epoch=1] Changed partition __consumer_offsets-6 state from NonExistentPartition to NewPartition with assigned replicas 0 (state.change.logger)
[2025-01-15 23:47:41,733] INFO [Controller id=0 epoch=1] Changed partition __consumer_offsets-14 state from NonExistentPartition to NewPartition with assigned replicas 0 (state.change.logger)
[2025-01-15 23:47:41,733] INFO [Controller id=0 epoch=1] Changed partition __consumer_offsets-20 state from NonExistentPartition to NewPartition with assigned replicas 0 (state.change.logger)
[2025-01-15 23:47:41,733] INFO [Controller id=0 epoch=1] Changed partition __consumer_offsets-0 state from NonExistentPartition to NewPartition with assigned replicas 0 (state.change.logger)
[2025-01-15 23:47:41,733] INFO [Controller id=0 epoch=1] Changed partition __consumer_offsets-44 state from NonExistentPartition to NewPartition with assigned replicas 0 (state.change.logger)
[2025-01-15 23:47:41,733] INFO [Controller id=0 epoch=1] Changed partition __consumer_offsets-39 state from NonExistentPartition to NewPartition with assigned replicas 0 (state.change.logger)
[2025-01-15 23:47:41,733] INFO [Controller id=0 epoch=1] Changed partition __consumer_offsets-12 state from NonExistentPartition to NewPartition with assigned replicas 0 (state.change.logger)
[2025-01-15 23:47:41,733] INFO [Controller id=0 epoch=1] Changed partition __consumer_offsets-45 state from NonExistentPartition to NewPartition with assigned replicas 0 (state.change.logger)
[2025-01-15 23:47:41,733] INFO [Controller id=0 epoch=1] Changed partition __consumer_offsets-1 state from NonExistentPartition to NewPartition with assigned replicas 0 (state.change.logger)
[2025-01-15 23:47:41,733] INFO [Controller id=0 epoch=1] Changed partition __consumer_offsets-5 state from NonExistentPartition to NewPartition with assigned replicas 0 (state.change.logger)
[2025-01-15 23:47:41,733] INFO [Controller id=0 epoch=1] Changed partition __consumer_offsets-26 state from NonExistentPartition to NewPartition with assigned replicas 0 (state.change.logger)
[2025-01-15 23:47:41,733] INFO [Controller id=0 epoch=1] Changed partition __consumer_offsets-29 state from NonExistentPartition to NewPartition with assigned replicas 0 (state.change.logger)
[2025-01-15 23:47:41,733] INFO [Controller id=0 epoch=1] Changed partition __consumer_offsets-34 state from NonExistentPartition to NewPartition with assigned replicas 0 (state.change.logger)
[2025-01-15 23:47:41,733] INFO [Controller id=0 epoch=1] Changed partition __consumer_offsets-10 state from NonExistentPartition to NewPartition with assigned replicas 0 (state.change.logger)
[2025-01-15 23:47:41,733] INFO [Controller id=0 epoch=1] Changed partition __consumer_offsets-32 state from NonExistentPartition to NewPartition with assigned replicas 0 (state.change.logger)
[2025-01-15 23:47:41,733] INFO [Controller id=0 epoch=1] Changed partition __consumer_offsets-40 state from NonExistentPartition to NewPartition with assigned replicas 0 (state.change.logger)
[2025-01-15 23:47:41,733] INFO [Controller id=0 epoch=1] Sending UpdateMetadata request to brokers HashSet() for 0 partitions (state.change.logger)
[2025-01-15 23:47:41,734] INFO [Controller id=0 epoch=1] Sending UpdateMetadata request to brokers HashSet() for 0 partitions (state.change.logger)
[2025-01-15 23:47:41,763] INFO [Controller id=0 epoch=1] Changed partition __consumer_offsets-22 from NewPartition to OnlinePartition with state LeaderAndIsr(leader=0, leaderEpoch=0, isrWithBrokerEpoch=List(BrokerState(brokerId=0, brokerEpoch=-1)), leaderRecoveryState=RECOVERED, partitionEpoch=0) (state.change.logger)
[2025-01-15 23:47:41,763] INFO [Controller id=0 epoch=1] Changed partition __consumer_offsets-30 from NewPartition to OnlinePartition with state LeaderAndIsr(leader=0, leaderEpoch=0, isrWithBrokerEpoch=List(BrokerState(brokerId=0, brokerEpoch=-1)), leaderRecoveryState=RECOVERED, partitionEpoch=0) (state.change.logger)
[2025-01-15 23:47:41,763] INFO [Controller id=0 epoch=1] Changed partition __consumer_offsets-25 from NewPartition to OnlinePartition with state LeaderAndIsr(leader=0, leaderEpoch=0, isrWithBrokerEpoch=List(BrokerState(brokerId=0, brokerEpoch=-1)), leaderRecoveryState=RECOVERED, partitionEpoch=0) (state.change.logger)
[2025-01-15 23:47:41,763] INFO [Controller id=0 epoch=1] Changed partition __consumer_offsets-35 from NewPartition to OnlinePartition with state LeaderAndIsr(leader=0, leaderEpoch=0, isrWithBrokerEpoch=List(BrokerState(brokerId=0, brokerEpoch=-1)), leaderRecoveryState=RECOVERED, partitionEpoch=0) (state.change.logger)
[2025-01-15 23:47:41,763] INFO [Controller id=0 epoch=1] Changed partition __consumer_offsets-37 from NewPartition to OnlinePartition with state LeaderAndIsr(leader=0, leaderEpoch=0, isrWithBrokerEpoch=List(BrokerState(brokerId=0, brokerEpoch=-1)), leaderRecoveryState=RECOVERED, partitionEpoch=0) (state.change.logger)
[2025-01-15 23:47:41,763] INFO [Controller id=0 epoch=1] Changed partition __consumer_offsets-38 from NewPartition to OnlinePartition with state LeaderAndIsr(leader=0, leaderEpoch=0, isrWithBrokerEpoch=List(BrokerState(brokerId=0, brokerEpoch=-1)), leaderRecoveryState=RECOVERED, partitionEpoch=0) (state.change.logger)
[2025-01-15 23:47:41,763] INFO [Controller id=0 epoch=1] Changed partition __consumer_offsets-13 from NewPartition to OnlinePartition with state LeaderAndIsr(leader=0, leaderEpoch=0, isrWithBrokerEpoch=List(BrokerState(brokerId=0, brokerEpoch=-1)), leaderRecoveryState=RECOVERED, partitionEpoch=0) (state.change.logger)
[2025-01-15 23:47:41,763] INFO [Controller id=0 epoch=1] Changed partition __consumer_offsets-8 from NewPartition to OnlinePartition with state LeaderAndIsr(leader=0, leaderEpoch=0, isrWithBrokerEpoch=List(BrokerState(brokerId=0, brokerEpoch=-1)), leaderRecoveryState=RECOVERED, partitionEpoch=0) (state.change.logger)
[2025-01-15 23:47:41,763] INFO [Controller id=0 epoch=1] Changed partition __consumer_offsets-21 from NewPartition to OnlinePartition with state LeaderAndIsr(leader=0, leaderEpoch=0, isrWithBrokerEpoch=List(BrokerState(brokerId=0, brokerEpoch=-1)), leaderRecoveryState=RECOVERED, partitionEpoch=0) (state.change.logger)
[2025-01-15 23:47:41,763] INFO [Controller id=0 epoch=1] Changed partition __consumer_offsets-4 from NewPartition to OnlinePartition with state LeaderAndIsr(leader=0, leaderEpoch=0, isrWithBrokerEpoch=List(BrokerState(brokerId=0, brokerEpoch=-1)), leaderRecoveryState=RECOVERED, partitionEpoch=0) (state.change.logger)
[2025-01-15 23:47:41,763] INFO [Controller id=0 epoch=1] Changed partition __consumer_offsets-27 from NewPartition to OnlinePartition with state LeaderAndIsr(leader=0, leaderEpoch=0, isrWithBrokerEpoch=List(BrokerState(brokerId=0, brokerEpoch=-1)), leaderRecoveryState=RECOVERED, partitionEpoch=0) (state.change.logger)
[2025-01-15 23:47:41,763] INFO [Controller id=0 epoch=1] Changed partition __consumer_offsets-7 from NewPartition to OnlinePartition with state LeaderAndIsr(leader=0, leaderEpoch=0, isrWithBrokerEpoch=List(BrokerState(brokerId=0, brokerEpoch=-1)), leaderRecoveryState=RECOVERED, partitionEpoch=0) (state.change.logger)
[2025-01-15 23:47:41,763] INFO [Controller id=0 epoch=1] Changed partition __consumer_offsets-9 from NewPartition to OnlinePartition with state LeaderAndIsr(leader=0, leaderEpoch=0, isrWithBrokerEpoch=List(BrokerState(brokerId=0, brokerEpoch=-1)), leaderRecoveryState=RECOVERED, partitionEpoch=0) (state.change.logger)
[2025-01-15 23:47:41,763] INFO [Controller id=0 epoch=1] Changed partition __consumer_offsets-46 from NewPartition to OnlinePartition with state LeaderAndIsr(leader=0, leaderEpoch=0, isrWithBrokerEpoch=List(BrokerState(brokerId=0, brokerEpoch=-1)), leaderRecoveryState=RECOVERED, partitionEpoch=0) (state.change.logger)
[2025-01-15 23:47:41,763] INFO [Controller id=0 epoch=1] Changed partition __consumer_offsets-41 from NewPartition to OnlinePartition with state LeaderAndIsr(leader=0, leaderEpoch=0, isrWithBrokerEpoch=List(BrokerState(brokerId=0, brokerEpoch=-1)), leaderRecoveryState=RECOVERED, partitionEpoch=0) (state.change.logger)
[2025-01-15 23:47:41,763] INFO [Controller id=0 epoch=1] Changed partition __consumer_offsets-33 from NewPartition to OnlinePartition with state LeaderAndIsr(leader=0, leaderEpoch=0, isrWithBrokerEpoch=List(BrokerState(brokerId=0, brokerEpoch=-1)), leaderRecoveryState=RECOVERED, partitionEpoch=0) (state.change.logger)
[2025-01-15 23:47:41,763] INFO [Controller id=0 epoch=1] Changed partition __consumer_offsets-23 from NewPartition to OnlinePartition with state LeaderAndIsr(leader=0, leaderEpoch=0, isrWithBrokerEpoch=List(BrokerState(brokerId=0, brokerEpoch=-1)), leaderRecoveryState=RECOVERED, partitionEpoch=0) (state.change.logger)
[2025-01-15 23:47:41,763] INFO [Controller id=0 epoch=1] Changed partition __consumer_offsets-49 from NewPartition to OnlinePartition with state LeaderAndIsr(leader=0, leaderEpoch=0, isrWithBrokerEpoch=List(BrokerState(brokerId=0, brokerEpoch=-1)), leaderRecoveryState=RECOVERED, partitionEpoch=0) (state.change.logger)
[2025-01-15 23:47:41,763] INFO [Controller id=0 epoch=1] Changed partition __consumer_offsets-47 from NewPartition to OnlinePartition with state LeaderAndIsr(leader=0, leaderEpoch=0, isrWithBrokerEpoch=List(BrokerState(brokerId=0, brokerEpoch=-1)), leaderRecoveryState=RECOVERED, partitionEpoch=0) (state.change.logger)
[2025-01-15 23:47:41,763] INFO [Controller id=0 epoch=1] Changed partition __consumer_offsets-16 from NewPartition to OnlinePartition with state LeaderAndIsr(leader=0, leaderEpoch=0, isrWithBrokerEpoch=List(BrokerState(brokerId=0, brokerEpoch=-1)), leaderRecoveryState=RECOVERED, partitionEpoch=0) (state.change.logger)
[2025-01-15 23:47:41,763] INFO [Controller id=0 epoch=1] Changed partition __consumer_offsets-28 from NewPartition to OnlinePartition with state LeaderAndIsr(leader=0, leaderEpoch=0, isrWithBrokerEpoch=List(BrokerState(brokerId=0, brokerEpoch=-1)), leaderRecoveryState=RECOVERED, partitionEpoch=0) (state.change.logger)
[2025-01-15 23:47:41,763] INFO [Controller id=0 epoch=1] Changed partition __consumer_offsets-31 from NewPartition to OnlinePartition with state LeaderAndIsr(leader=0, leaderEpoch=0, isrWithBrokerEpoch=List(BrokerState(brokerId=0, brokerEpoch=-1)), leaderRecoveryState=RECOVERED, partitionEpoch=0) (state.change.logger)
[2025-01-15 23:47:41,763] INFO [Controller id=0 epoch=1] Changed partition __consumer_offsets-36 from NewPartition to OnlinePartition with state LeaderAndIsr(leader=0, leaderEpoch=0, isrWithBrokerEpoch=List(BrokerState(brokerId=0, brokerEpoch=-1)), leaderRecoveryState=RECOVERED, partitionEpoch=0) (state.change.logger)
[2025-01-15 23:47:41,763] INFO [Controller id=0 epoch=1] Changed partition __consumer_offsets-42 from NewPartition to OnlinePartition with state LeaderAndIsr(leader=0, leaderEpoch=0, isrWithBrokerEpoch=List(BrokerState(brokerId=0, brokerEpoch=-1)), leaderRecoveryState=RECOVERED, partitionEpoch=0) (state.change.logger)
[2025-01-15 23:47:41,763] INFO [Controller id=0 epoch=1] Changed partition __consumer_offsets-3 from NewPartition to OnlinePartition with state LeaderAndIsr(leader=0, leaderEpoch=0, isrWithBrokerEpoch=List(BrokerState(brokerId=0, brokerEpoch=-1)), leaderRecoveryState=RECOVERED, partitionEpoch=0) (state.change.logger)
[2025-01-15 23:47:41,763] INFO [Controller id=0 epoch=1] Changed partition __consumer_offsets-18 from NewPartition to OnlinePartition with state LeaderAndIsr(leader=0, leaderEpoch=0, isrWithBrokerEpoch=List(BrokerState(brokerId=0, brokerEpoch=-1)), leaderRecoveryState=RECOVERED, partitionEpoch=0) (state.change.logger)
[2025-01-15 23:47:41,763] INFO [Controller id=0 epoch=1] Changed partition __consumer_offsets-15 from NewPartition to OnlinePartition with state LeaderAndIsr(leader=0, leaderEpoch=0, isrWithBrokerEpoch=List(BrokerState(brokerId=0, brokerEpoch=-1)), leaderRecoveryState=RECOVERED, partitionEpoch=0) (state.change.logger)
[2025-01-15 23:47:41,763] INFO [Controller id=0 epoch=1] Changed partition __consumer_offsets-24 from NewPartition to OnlinePartition with state LeaderAndIsr(leader=0, leaderEpoch=0, isrWithBrokerEpoch=List(BrokerState(brokerId=0, brokerEpoch=-1)), leaderRecoveryState=RECOVERED, partitionEpoch=0) (state.change.logger)
[2025-01-15 23:47:41,763] INFO [Controller id=0 epoch=1] Changed partition __consumer_offsets-17 from NewPartition to OnlinePartition with state LeaderAndIsr(leader=0, leaderEpoch=0, isrWithBrokerEpoch=List(BrokerState(brokerId=0, brokerEpoch=-1)), leaderRecoveryState=RECOVERED, partitionEpoch=0) (state.change.logger)
[2025-01-15 23:47:41,763] INFO [Controller id=0 epoch=1] Changed partition __consumer_offsets-48 from NewPartition to OnlinePartition with state LeaderAndIsr(leader=0, leaderEpoch=0, isrWithBrokerEpoch=List(BrokerState(brokerId=0, brokerEpoch=-1)), leaderRecoveryState=RECOVERED, partitionEpoch=0) (state.change.logger)
[2025-01-15 23:47:41,763] INFO [Controller id=0 epoch=1] Changed partition __consumer_offsets-19 from NewPartition to OnlinePartition with state LeaderAndIsr(leader=0, leaderEpoch=0, isrWithBrokerEpoch=List(BrokerState(brokerId=0, brokerEpoch=-1)), leaderRecoveryState=RECOVERED, partitionEpoch=0) (state.change.logger)
[2025-01-15 23:47:41,763] INFO [Controller id=0 epoch=1] Changed partition __consumer_offsets-11 from NewPartition to OnlinePartition with state LeaderAndIsr(leader=0, leaderEpoch=0, isrWithBrokerEpoch=List(BrokerState(brokerId=0, brokerEpoch=-1)), leaderRecoveryState=RECOVERED, partitionEpoch=0) (state.change.logger)
[2025-01-15 23:47:41,763] INFO [Controller id=0 epoch=1] Changed partition __consumer_offsets-2 from NewPartition to OnlinePartition with state LeaderAndIsr(leader=0, leaderEpoch=0, isrWithBrokerEpoch=List(BrokerState(brokerId=0, brokerEpoch=-1)), leaderRecoveryState=RECOVERED, partitionEpoch=0) (state.change.logger)
[2025-01-15 23:47:41,763] INFO [Controller id=0 epoch=1] Changed partition __consumer_offsets-43 from NewPartition to OnlinePartition with state LeaderAndIsr(leader=0, leaderEpoch=0, isrWithBrokerEpoch=List(BrokerState(brokerId=0, brokerEpoch=-1)), leaderRecoveryState=RECOVERED, partitionEpoch=0) (state.change.logger)
[2025-01-15 23:47:41,763] INFO [Controller id=0 epoch=1] Changed partition __consumer_offsets-6 from NewPartition to OnlinePartition with state LeaderAndIsr(leader=0, leaderEpoch=0, isrWithBrokerEpoch=List(BrokerState(brokerId=0, brokerEpoch=-1)), leaderRecoveryState=RECOVERED, partitionEpoch=0) (state.change.logger)
[2025-01-15 23:47:41,763] INFO [Controller id=0 epoch=1] Changed partition __consumer_offsets-14 from NewPartition to OnlinePartition with state LeaderAndIsr(leader=0, leaderEpoch=0, isrWithBrokerEpoch=List(BrokerState(brokerId=0, brokerEpoch=-1)), leaderRecoveryState=RECOVERED, partitionEpoch=0) (state.change.logger)
[2025-01-15 23:47:41,763] INFO [Controller id=0 epoch=1] Changed partition __consumer_offsets-20 from NewPartition to OnlinePartition with state LeaderAndIsr(leader=0, leaderEpoch=0, isrWithBrokerEpoch=List(BrokerState(brokerId=0, brokerEpoch=-1)), leaderRecoveryState=RECOVERED, partitionEpoch=0) (state.change.logger)
[2025-01-15 23:47:41,763] INFO [Controller id=0 epoch=1] Changed partition __consumer_offsets-0 from NewPartition to OnlinePartition with state LeaderAndIsr(leader=0, leaderEpoch=0, isrWithBrokerEpoch=List(BrokerState(brokerId=0, brokerEpoch=-1)), leaderRecoveryState=RECOVERED, partitionEpoch=0) (state.change.logger)
[2025-01-15 23:47:41,763] INFO [Controller id=0 epoch=1] Changed partition __consumer_offsets-44 from NewPartition to OnlinePartition with state LeaderAndIsr(leader=0, leaderEpoch=0, isrWithBrokerEpoch=List(BrokerState(brokerId=0, brokerEpoch=-1)), leaderRecoveryState=RECOVERED, partitionEpoch=0) (state.change.logger)
[2025-01-15 23:47:41,763] INFO [Controller id=0 epoch=1] Changed partition __consumer_offsets-39 from NewPartition to OnlinePartition with state LeaderAndIsr(leader=0, leaderEpoch=0, isrWithBrokerEpoch=List(BrokerState(brokerId=0, brokerEpoch=-1)), leaderRecoveryState=RECOVERED, partitionEpoch=0) (state.change.logger)
[2025-01-15 23:47:41,763] INFO [Controller id=0 epoch=1] Changed partition __consumer_offsets-12 from NewPartition to OnlinePartition with state LeaderAndIsr(leader=0, leaderEpoch=0, isrWithBrokerEpoch=List(BrokerState(brokerId=0, brokerEpoch=-1)), leaderRecoveryState=RECOVERED, partitionEpoch=0) (state.change.logger)
[2025-01-15 23:47:41,763] INFO [Controller id=0 epoch=1] Changed partition __consumer_offsets-45 from NewPartition to OnlinePartition with state LeaderAndIsr(leader=0, leaderEpoch=0, isrWithBrokerEpoch=List(BrokerState(brokerId=0, brokerEpoch=-1)), leaderRecoveryState=RECOVERED, partitionEpoch=0) (state.change.logger)
[2025-01-15 23:47:41,763] INFO [Controller id=0 epoch=1] Changed partition __consumer_offsets-1 from NewPartition to OnlinePartition with state LeaderAndIsr(leader=0, leaderEpoch=0, isrWithBrokerEpoch=List(BrokerState(brokerId=0, brokerEpoch=-1)), leaderRecoveryState=RECOVERED, partitionEpoch=0) (state.change.logger)
[2025-01-15 23:47:41,763] INFO [Controller id=0 epoch=1] Changed partition __consumer_offsets-5 from NewPartition to OnlinePartition with state LeaderAndIsr(leader=0, leaderEpoch=0, isrWithBrokerEpoch=List(BrokerState(brokerId=0, brokerEpoch=-1)), leaderRecoveryState=RECOVERED, partitionEpoch=0) (state.change.logger)
[2025-01-15 23:47:41,763] INFO [Controller id=0 epoch=1] Changed partition __consumer_offsets-26 from NewPartition to OnlinePartition with state LeaderAndIsr(leader=0, leaderEpoch=0, isrWithBrokerEpoch=List(BrokerState(brokerId=0, brokerEpoch=-1)), leaderRecoveryState=RECOVERED, partitionEpoch=0) (state.change.logger)
[2025-01-15 23:47:41,763] INFO [Controller id=0 epoch=1] Changed partition __consumer_offsets-29 from NewPartition to OnlinePartition with state LeaderAndIsr(leader=0, leaderEpoch=0, isrWithBrokerEpoch=List(BrokerState(brokerId=0, brokerEpoch=-1)), leaderRecoveryState=RECOVERED, partitionEpoch=0) (state.change.logger)
[2025-01-15 23:47:41,763] INFO [Controller id=0 epoch=1] Changed partition __consumer_offsets-34 from NewPartition to OnlinePartition with state LeaderAndIsr(leader=0, leaderEpoch=0, isrWithBrokerEpoch=List(BrokerState(brokerId=0, brokerEpoch=-1)), leaderRecoveryState=RECOVERED, partitionEpoch=0) (state.change.logger)
[2025-01-15 23:47:41,763] INFO [Controller id=0 epoch=1] Changed partition __consumer_offsets-10 from NewPartition to OnlinePartition with state LeaderAndIsr(leader=0, leaderEpoch=0, isrWithBrokerEpoch=List(BrokerState(brokerId=0, brokerEpoch=-1)), leaderRecoveryState=RECOVERED, partitionEpoch=0) (state.change.logger)
[2025-01-15 23:47:41,763] INFO [Controller id=0 epoch=1] Changed partition __consumer_offsets-32 from NewPartition to OnlinePartition with state LeaderAndIsr(leader=0, leaderEpoch=0, isrWithBrokerEpoch=List(BrokerState(brokerId=0, brokerEpoch=-1)), leaderRecoveryState=RECOVERED, partitionEpoch=0) (state.change.logger)
[2025-01-15 23:47:41,763] INFO [Controller id=0 epoch=1] Changed partition __consumer_offsets-40 from NewPartition to OnlinePartition with state LeaderAndIsr(leader=0, leaderEpoch=0, isrWithBrokerEpoch=List(BrokerState(brokerId=0, brokerEpoch=-1)), leaderRecoveryState=RECOVERED, partitionEpoch=0) (state.change.logger)
[2025-01-15 23:47:41,763] INFO [Controller id=0 epoch=1] Sending LeaderAndIsr request to broker 0 with 50 become-leader and 0 become-follower partitions (state.change.logger)
[2025-01-15 23:47:41,763] INFO [Controller id=0 epoch=1] Sending UpdateMetadata request to brokers HashSet(0) for 50 partitions (state.change.logger)
[2025-01-15 23:47:41,764] INFO [Controller id=0 epoch=1] Sending UpdateMetadata request to brokers HashSet() for 0 partitions (state.change.logger)
[2025-01-15 23:47:41,764] INFO [Broker id=0] Handling LeaderAndIsr request correlationId 5 from controller 0 for 50 partitions (state.change.logger)
[2025-01-15 23:47:41,772] INFO [Broker id=0] Stopped fetchers as part of LeaderAndIsr request correlationId 5 from controller 0 epoch 1 as part of the become-leader transition for 50 partitions (state.change.logger)
[2025-01-15 23:47:41,775] INFO [Broker id=0] Leader __consumer_offsets-3 with topic id Some(syhSWyiLSpKqX49J8Seyxw) starts at leader epoch 0 from offset 0 with partition epoch 0, high watermark 0, ISR [0], adding replicas [] and removing replicas [] . Previous leader None and previous leader epoch was -1. (state.change.logger)
[2025-01-15 23:47:41,778] INFO [Broker id=0] Leader __consumer_offsets-18 with topic id Some(syhSWyiLSpKqX49J8Seyxw) starts at leader epoch 0 from offset 0 with partition epoch 0, high watermark 0, ISR [0], adding replicas [] and removing replicas [] . Previous leader None and previous leader epoch was -1. (state.change.logger)
[2025-01-15 23:47:41,782] INFO [Broker id=0] Leader __consumer_offsets-41 with topic id Some(syhSWyiLSpKqX49J8Seyxw) starts at leader epoch 0 from offset 0 with partition epoch 0, high watermark 0, ISR [0], adding replicas [] and removing replicas [] . Previous leader None and previous leader epoch was -1. (state.change.logger)
[2025-01-15 23:47:41,786] INFO [Broker id=0] Leader __consumer_offsets-10 with topic id Some(syhSWyiLSpKqX49J8Seyxw) starts at leader epoch 0 from offset 0 with partition epoch 0, high watermark 0, ISR [0], adding replicas [] and removing replicas [] . Previous leader None and previous leader epoch was -1. (state.change.logger)
[2025-01-15 23:47:41,790] INFO [Broker id=0] Leader __consumer_offsets-33 with topic id Some(syhSWyiLSpKqX49J8Seyxw) starts at leader epoch 0 from offset 0 with partition epoch 0, high watermark 0, ISR [0], adding replicas [] and removing replicas [] . Previous leader None and previous leader epoch was -1. (state.change.logger)
[2025-01-15 23:47:41,793] INFO [Broker id=0] Leader __consumer_offsets-48 with topic id Some(syhSWyiLSpKqX49J8Seyxw) starts at leader epoch 0 from offset 0 with partition epoch 0, high watermark 0, ISR [0], adding replicas [] and removing replicas [] . Previous leader None and previous leader epoch was -1. (state.change.logger)
[2025-01-15 23:47:41,797] INFO [Broker id=0] Leader __consumer_offsets-19 with topic id Some(syhSWyiLSpKqX49J8Seyxw) starts at leader epoch 0 from offset 0 with partition epoch 0, high watermark 0, ISR [0], adding replicas [] and removing replicas [] . Previous leader None and previous leader epoch was -1. (state.change.logger)
[2025-01-15 23:47:41,801] INFO [Broker id=0] Leader __consumer_offsets-34 with topic id Some(syhSWyiLSpKqX49J8Seyxw) starts at leader epoch 0 from offset 0 with partition epoch 0, high watermark 0, ISR [0], adding replicas [] and removing replicas [] . Previous leader None and previous leader epoch was -1. (state.change.logger)
[2025-01-15 23:47:41,805] INFO [Broker id=0] Leader __consumer_offsets-4 with topic id Some(syhSWyiLSpKqX49J8Seyxw) starts at leader epoch 0 from offset 0 with partition epoch 0, high watermark 0, ISR [0], adding replicas [] and removing replicas [] . Previous leader None and previous leader epoch was -1. (state.change.logger)
[2025-01-15 23:47:41,808] INFO [Broker id=0] Leader __consumer_offsets-11 with topic id Some(syhSWyiLSpKqX49J8Seyxw) starts at leader epoch 0 from offset 0 with partition epoch 0, high watermark 0, ISR [0], adding replicas [] and removing replicas [] . Previous leader None and previous leader epoch was -1. (state.change.logger)
[2025-01-15 23:47:41,813] INFO [Broker id=0] Leader __consumer_offsets-26 with topic id Some(syhSWyiLSpKqX49J8Seyxw) starts at leader epoch 0 from offset 0 with partition epoch 0, high watermark 0, ISR [0], adding replicas [] and removing replicas [] . Previous leader None and previous leader epoch was -1. (state.change.logger)
[2025-01-15 23:47:41,816] INFO [Broker id=0] Leader __consumer_offsets-49 with topic id Some(syhSWyiLSpKqX49J8Seyxw) starts at leader epoch 0 from offset 0 with partition epoch 0, high watermark 0, ISR [0], adding replicas [] and removing replicas [] . Previous leader None and previous leader epoch was -1. (state.change.logger)
[2025-01-15 23:47:41,821] INFO [Broker id=0] Leader __consumer_offsets-39 with topic id Some(syhSWyiLSpKqX49J8Seyxw) starts at leader epoch 0 from offset 0 with partition epoch 0, high watermark 0, ISR [0], adding replicas [] and removing replicas [] . Previous leader None and previous leader epoch was -1. (state.change.logger)
[2025-01-15 23:47:41,825] INFO [Broker id=0] Leader __consumer_offsets-9 with topic id Some(syhSWyiLSpKqX49J8Seyxw) starts at leader epoch 0 from offset 0 with partition epoch 0, high watermark 0, ISR [0], adding replicas [] and removing replicas [] . Previous leader None and previous leader epoch was -1. (state.change.logger)
[2025-01-15 23:47:41,829] INFO [Broker id=0] Leader __consumer_offsets-24 with topic id Some(syhSWyiLSpKqX49J8Seyxw) starts at leader epoch 0 from offset 0 with partition epoch 0, high watermark 0, ISR [0], adding replicas [] and removing replicas [] . Previous leader None and previous leader epoch was -1. (state.change.logger)
[2025-01-15 23:47:41,832] INFO [Broker id=0] Leader __consumer_offsets-31 with topic id Some(syhSWyiLSpKqX49J8Seyxw) starts at leader epoch 0 from offset 0 with partition epoch 0, high watermark 0, ISR [0], adding replicas [] and removing replicas [] . Previous leader None and previous leader epoch was -1. (state.change.logger)
[2025-01-15 23:47:41,836] INFO [Broker id=0] Leader __consumer_offsets-46 with topic id Some(syhSWyiLSpKqX49J8Seyxw) starts at leader epoch 0 from offset 0 with partition epoch 0, high watermark 0, ISR [0], adding replicas [] and removing replicas [] . Previous leader None and previous leader epoch was -1. (state.change.logger)
[2025-01-15 23:47:41,840] INFO [Broker id=0] Leader __consumer_offsets-1 with topic id Some(syhSWyiLSpKqX49J8Seyxw) starts at leader epoch 0 from offset 0 with partition epoch 0, high watermark 0, ISR [0], adding replicas [] and removing replicas [] . Previous leader None and previous leader epoch was -1. (state.change.logger)
[2025-01-15 23:47:41,845] INFO [Broker id=0] Leader __consumer_offsets-16 with topic id Some(syhSWyiLSpKqX49J8Seyxw) starts at leader epoch 0 from offset 0 with partition epoch 0, high watermark 0, ISR [0], adding replicas [] and removing replicas [] . Previous leader None and previous leader epoch was -1. (state.change.logger)
[2025-01-15 23:47:41,849] INFO [Broker id=0] Leader __consumer_offsets-2 with topic id Some(syhSWyiLSpKqX49J8Seyxw) starts at leader epoch 0 from offset 0 with partition epoch 0, high watermark 0, ISR [0], adding replicas [] and removing replicas [] . Previous leader None and previous leader epoch was -1. (state.change.logger)
[2025-01-15 23:47:41,853] INFO [Broker id=0] Leader __consumer_offsets-25 with topic id Some(syhSWyiLSpKqX49J8Seyxw) starts at leader epoch 0 from offset 0 with partition epoch 0, high watermark 0, ISR [0], adding replicas [] and removing replicas [] . Previous leader None and previous leader epoch was -1. (state.change.logger)
[2025-01-15 23:47:41,856] INFO [Broker id=0] Leader __consumer_offsets-40 with topic id Some(syhSWyiLSpKqX49J8Seyxw) starts at leader epoch 0 from offset 0 with partition epoch 0, high watermark 0, ISR [0], adding replicas [] and removing replicas [] . Previous leader None and previous leader epoch was -1. (state.change.logger)
[2025-01-15 23:47:41,875] INFO [Broker id=0] Leader __consumer_offsets-47 with topic id Some(syhSWyiLSpKqX49J8Seyxw) starts at leader epoch 0 from offset 0 with partition epoch 0, high watermark 0, ISR [0], adding replicas [] and removing replicas [] . Previous leader None and previous leader epoch was -1. (state.change.logger)
[2025-01-15 23:47:41,879] INFO [Broker id=0] Leader __consumer_offsets-17 with topic id Some(syhSWyiLSpKqX49J8Seyxw) starts at leader epoch 0 from offset 0 with partition epoch 0, high watermark 0, ISR [0], adding replicas [] and removing replicas [] . Previous leader None and previous leader epoch was -1. (state.change.logger)
[2025-01-15 23:47:41,883] INFO [Broker id=0] Leader __consumer_offsets-32 with topic id Some(syhSWyiLSpKqX49J8Seyxw) starts at leader epoch 0 from offset 0 with partition epoch 0, high watermark 0, ISR [0], adding replicas [] and removing replicas [] . Previous leader None and previous leader epoch was -1. (state.change.logger)
[2025-01-15 23:47:41,887] INFO [Broker id=0] Leader __consumer_offsets-37 with topic id Some(syhSWyiLSpKqX49J8Seyxw) starts at leader epoch 0 from offset 0 with partition epoch 0, high watermark 0, ISR [0], adding replicas [] and removing replicas [] . Previous leader None and previous leader epoch was -1. (state.change.logger)
[2025-01-15 23:47:41,892] INFO [Broker id=0] Leader __consumer_offsets-7 with topic id Some(syhSWyiLSpKqX49J8Seyxw) starts at leader epoch 0 from offset 0 with partition epoch 0, high watermark 0, ISR [0], adding replicas [] and removing replicas [] . Previous leader None and previous leader epoch was -1. (state.change.logger)
[2025-01-15 23:47:41,896] INFO [Broker id=0] Leader __consumer_offsets-22 with topic id Some(syhSWyiLSpKqX49J8Seyxw) starts at leader epoch 0 from offset 0 with partition epoch 0, high watermark 0, ISR [0], adding replicas [] and removing replicas [] . Previous leader None and previous leader epoch was -1. (state.change.logger)
[2025-01-15 23:47:41,900] INFO [Broker id=0] Leader __consumer_offsets-29 with topic id Some(syhSWyiLSpKqX49J8Seyxw) starts at leader epoch 0 from offset 0 with partition epoch 0, high watermark 0, ISR [0], adding replicas [] and removing replicas [] . Previous leader None and previous leader epoch was -1. (state.change.logger)
[2025-01-15 23:47:41,904] INFO [Broker id=0] Leader __consumer_offsets-44 with topic id Some(syhSWyiLSpKqX49J8Seyxw) starts at leader epoch 0 from offset 0 with partition epoch 0, high watermark 0, ISR [0], adding replicas [] and removing replicas [] . Previous leader None and previous leader epoch was -1. (state.change.logger)
[2025-01-15 23:47:41,907] INFO [Broker id=0] Leader __consumer_offsets-14 with topic id Some(syhSWyiLSpKqX49J8Seyxw) starts at leader epoch 0 from offset 0 with partition epoch 0, high watermark 0, ISR [0], adding replicas [] and removing replicas [] . Previous leader None and previous leader epoch was -1. (state.change.logger)
[2025-01-15 23:47:41,911] INFO [Broker id=0] Leader __consumer_offsets-23 with topic id Some(syhSWyiLSpKqX49J8Seyxw) starts at leader epoch 0 from offset 0 with partition epoch 0, high watermark 0, ISR [0], adding replicas [] and removing replicas [] . Previous leader None and previous leader epoch was -1. (state.change.logger)
[2025-01-15 23:47:41,915] INFO [Broker id=0] Leader __consumer_offsets-38 with topic id Some(syhSWyiLSpKqX49J8Seyxw) starts at leader epoch 0 from offset 0 with partition epoch 0, high watermark 0, ISR [0], adding replicas [] and removing replicas [] . Previous leader None and previous leader epoch was -1. (state.change.logger)
[2025-01-15 23:47:41,918] INFO [Broker id=0] Leader __consumer_offsets-8 with topic id Some(syhSWyiLSpKqX49J8Seyxw) starts at leader epoch 0 from offset 0 with partition epoch 0, high watermark 0, ISR [0], adding replicas [] and removing replicas [] . Previous leader None and previous leader epoch was -1. (state.change.logger)
[2025-01-15 23:47:41,922] INFO [Broker id=0] Leader __consumer_offsets-45 with topic id Some(syhSWyiLSpKqX49J8Seyxw) starts at leader epoch 0 from offset 0 with partition epoch 0, high watermark 0, ISR [0], adding replicas [] and removing replicas [] . Previous leader None and previous leader epoch was -1. (state.change.logger)
[2025-01-15 23:47:41,926] INFO [Broker id=0] Leader __consumer_offsets-15 with topic id Some(syhSWyiLSpKqX49J8Seyxw) starts at leader epoch 0 from offset 0 with partition epoch 0, high watermark 0, ISR [0], adding replicas [] and removing replicas [] . Previous leader None and previous leader epoch was -1. (state.change.logger)
[2025-01-15 23:47:41,929] INFO [Broker id=0] Leader __consumer_offsets-30 with topic id Some(syhSWyiLSpKqX49J8Seyxw) starts at leader epoch 0 from offset 0 with partition epoch 0, high watermark 0, ISR [0], adding replicas [] and removing replicas [] . Previous leader None and previous leader epoch was -1. (state.change.logger)
[2025-01-15 23:47:41,933] INFO [Broker id=0] Leader __consumer_offsets-0 with topic id Some(syhSWyiLSpKqX49J8Seyxw) starts at leader epoch 0 from offset 0 with partition epoch 0, high watermark 0, ISR [0], adding replicas [] and removing replicas [] . Previous leader None and previous leader epoch was -1. (state.change.logger)
[2025-01-15 23:47:41,937] INFO [Broker id=0] Leader __consumer_offsets-35 with topic id Some(syhSWyiLSpKqX49J8Seyxw) starts at leader epoch 0 from offset 0 with partition epoch 0, high watermark 0, ISR [0], adding replicas [] and removing replicas [] . Previous leader None and previous leader epoch was -1. (state.change.logger)
[2025-01-15 23:47:41,940] INFO [Broker id=0] Leader __consumer_offsets-5 with topic id Some(syhSWyiLSpKqX49J8Seyxw) starts at leader epoch 0 from offset 0 with partition epoch 0, high watermark 0, ISR [0], adding replicas [] and removing replicas [] . Previous leader None and previous leader epoch was -1. (state.change.logger)
[2025-01-15 23:47:41,944] INFO [Broker id=0] Leader __consumer_offsets-20 with topic id Some(syhSWyiLSpKqX49J8Seyxw) starts at leader epoch 0 from offset 0 with partition epoch 0, high watermark 0, ISR [0], adding replicas [] and removing replicas [] . Previous leader None and previous leader epoch was -1. (state.change.logger)
[2025-01-15 23:47:41,948] INFO [Broker id=0] Leader __consumer_offsets-27 with topic id Some(syhSWyiLSpKqX49J8Seyxw) starts at leader epoch 0 from offset 0 with partition epoch 0, high watermark 0, ISR [0], adding replicas [] and removing replicas [] . Previous leader None and previous leader epoch was -1. (state.change.logger)
[2025-01-15 23:47:41,952] INFO [Broker id=0] Leader __consumer_offsets-42 with topic id Some(syhSWyiLSpKqX49J8Seyxw) starts at leader epoch 0 from offset 0 with partition epoch 0, high watermark 0, ISR [0], adding replicas [] and removing replicas [] . Previous leader None and previous leader epoch was -1. (state.change.logger)
[2025-01-15 23:47:41,955] INFO [Broker id=0] Leader __consumer_offsets-12 with topic id Some(syhSWyiLSpKqX49J8Seyxw) starts at leader epoch 0 from offset 0 with partition epoch 0, high watermark 0, ISR [0], adding replicas [] and removing replicas [] . Previous leader None and previous leader epoch was -1. (state.change.logger)
[2025-01-15 23:47:41,959] INFO [Broker id=0] Leader __consumer_offsets-21 with topic id Some(syhSWyiLSpKqX49J8Seyxw) starts at leader epoch 0 from offset 0 with partition epoch 0, high watermark 0, ISR [0], adding replicas [] and removing replicas [] . Previous leader None and previous leader epoch was -1. (state.change.logger)
[2025-01-15 23:47:41,963] INFO [Broker id=0] Leader __consumer_offsets-36 with topic id Some(syhSWyiLSpKqX49J8Seyxw) starts at leader epoch 0 from offset 0 with partition epoch 0, high watermark 0, ISR [0], adding replicas [] and removing replicas [] . Previous leader None and previous leader epoch was -1. (state.change.logger)
[2025-01-15 23:47:41,966] INFO [Broker id=0] Leader __consumer_offsets-6 with topic id Some(syhSWyiLSpKqX49J8Seyxw) starts at leader epoch 0 from offset 0 with partition epoch 0, high watermark 0, ISR [0], adding replicas [] and removing replicas [] . Previous leader None and previous leader epoch was -1. (state.change.logger)
[2025-01-15 23:47:41,970] INFO [Broker id=0] Leader __consumer_offsets-43 with topic id Some(syhSWyiLSpKqX49J8Seyxw) starts at leader epoch 0 from offset 0 with partition epoch 0, high watermark 0, ISR [0], adding replicas [] and removing replicas [] . Previous leader None and previous leader epoch was -1. (state.change.logger)
[2025-01-15 23:47:41,973] INFO [Broker id=0] Leader __consumer_offsets-13 with topic id Some(syhSWyiLSpKqX49J8Seyxw) starts at leader epoch 0 from offset 0 with partition epoch 0, high watermark 0, ISR [0], adding replicas [] and removing replicas [] . Previous leader None and previous leader epoch was -1. (state.change.logger)
[2025-01-15 23:47:41,977] INFO [Broker id=0] Leader __consumer_offsets-28 with topic id Some(syhSWyiLSpKqX49J8Seyxw) starts at leader epoch 0 from offset 0 with partition epoch 0, high watermark 0, ISR [0], adding replicas [] and removing replicas [] . Previous leader None and previous leader epoch was -1. (state.change.logger)
[2025-01-15 23:47:41,982] INFO [Broker id=0] Finished LeaderAndIsr request in 218ms correlationId 5 from controller 0 for 50 partitions (state.change.logger)
[2025-01-15 23:47:41,983] INFO [Broker id=0] Add 50 partitions and deleted 0 partitions from metadata cache in response to UpdateMetadata request sent by controller 0 epoch 1 with correlation id 6 (state.change.logger)
[2025-01-15 23:49:40,772] INFO [Controller id=0 epoch=1] Sending UpdateMetadata request to brokers HashSet() for 0 partitions (state.change.logger)
